
================================================================================
ConnectionManager Log File
Started: 2025-08-19T03:50:54.887Z
================================================================================

[2025-08-19T03:50:54.887Z] [INFO] Connection Manager starting up
{
  "config": {
    "port": 7500,
    "apiUrl": "https://api.topstepx.com",
    "corsOrigins": [
      "http://localhost:3000"
    ]
  }
}
[2025-08-19T03:55:01.993Z] [SLTP] [SL/TP] Order Received from Instance
{
  "instanceId": "TRADING_AGGREGATOR",
  "orderId": "BOT_1_fad9ff06-94c4-431d-970e-aa0ee2dcf493",
  "orderType": "MARKET",
  "instrument": "MGC",
  "side": "SELL",
  "quantity": 1,
  "stopPrice": null,
  "stopLossPoints": 5,
  "takeProfitPoints": 5,
  "accountId": 9627376,
  "hasStopLoss": true,
  "hasTakeProfit": true
}
[2025-08-19T03:59:59.674Z] [SLTP] [SL/TP] Order Received from Instance
{
  "instanceId": "TRADING_AGGREGATOR",
  "orderId": "BOT_1_803c5935-9d53-4138-ad0c-0dba492afb2d",
  "orderType": "MARKET",
  "instrument": "MGC",
  "side": "SELL",
  "quantity": 1,
  "stopPrice": null,
  "stopLossPoints": 5,
  "takeProfitPoints": 5,
  "accountId": 9627376,
  "hasStopLoss": true,
  "hasTakeProfit": true
}
[2025-08-19T04:54:59.439Z] [SLTP] [SL/TP] Order Received from Instance
{
  "instanceId": "TRADING_AGGREGATOR",
  "orderId": "config/bots/BOT_1.yaml_043c4b7e-04d1-45bb-b1e9-f4ade5ad6d49",
  "orderType": "MARKET",
  "instrument": "MGC",
  "side": "SELL",
  "quantity": 1,
  "stopPrice": null,
  "stopLossPoints": 5,
  "takeProfitPoints": 5,
  "accountId": 9627376,
  "hasStopLoss": true,
  "hasTakeProfit": true
}
[2025-08-19T04:59:59.146Z] [SLTP] [SL/TP] Order Received from Instance
{
  "instanceId": "TRADING_AGGREGATOR",
  "orderId": "config/bots/BOT_1.yaml_60dc72c4-857f-4d1f-98b9-04161f7c2731",
  "orderType": "MARKET",
  "instrument": "MGC",
  "side": "SELL",
  "quantity": 1,
  "stopPrice": null,
  "stopLossPoints": 5,
  "takeProfitPoints": 5,
  "accountId": 9627376,
  "hasStopLoss": true,
  "hasTakeProfit": true
}
[2025-08-19T05:59:59.001Z] [SLTP] [SL/TP] Order Received from Instance
{
  "instanceId": "TRADING_AGGREGATOR",
  "orderId": "config/bots/BOT_1.yaml_a9048288-32ce-4772-bcdf-251641eb04d9",
  "orderType": "MARKET",
  "instrument": "MGC",
  "side": "BUY",
  "quantity": 1,
  "stopPrice": null,
  "stopLossPoints": 5,
  "takeProfitPoints": 5,
  "accountId": 9627376,
  "hasStopLoss": true,
  "hasTakeProfit": true
}
[2025-08-19T06:39:58.967Z] [SLTP] [SL/TP] Order Received from Instance
{
  "instanceId": "TRADING_AGGREGATOR",
  "orderId": "BOT_1_5bd23d39-6473-4318-ae1d-c5079a07975f",
  "orderType": "MARKET",
  "instrument": "MGC",
  "side": "BUY",
  "quantity": 1,
  "stopPrice": null,
  "stopLossPoints": 5,
  "takeProfitPoints": 5,
  "accountId": 9627376,
  "hasStopLoss": true,
  "hasTakeProfit": true
}
[2025-08-19T06:44:59.026Z] [SLTP] [SL/TP] Order Received from Instance
{
  "instanceId": "TRADING_AGGREGATOR",
  "orderId": "BOT_1_84c89cbe-6edb-408b-8990-ac16fe7c7c7e",
  "orderType": "MARKET",
  "instrument": "MGC",
  "side": "BUY",
  "quantity": 1,
  "stopPrice": null,
  "stopLossPoints": 5,
  "takeProfitPoints": 5,
  "accountId": 9627376,
  "hasStopLoss": true,
  "hasTakeProfit": true
}
[2025-08-19T06:49:59.426Z] [SLTP] [SL/TP] Order Received from Instance
{
  "instanceId": "TRADING_AGGREGATOR",
  "orderId": "BOT_1_904fc433-1872-4fdb-ba54-1c486954bf61",
  "orderType": "MARKET",
  "instrument": "MGC",
  "side": "BUY",
  "quantity": 1,
  "stopPrice": null,
  "stopLossPoints": 5,
  "takeProfitPoints": 5,
  "accountId": 9627376,
  "hasStopLoss": true,
  "hasTakeProfit": true
}
[2025-08-19T06:55:01.427Z] [SLTP] [SL/TP] Order Received from Instance
{
  "instanceId": "TRADING_AGGREGATOR",
  "orderId": "BOT_1_0547d6ad-933f-4772-b17e-756b91116102",
  "orderType": "MARKET",
  "instrument": "MGC",
  "side": "BUY",
  "quantity": 1,
  "stopPrice": null,
  "stopLossPoints": 5,
  "takeProfitPoints": 5,
  "accountId": 9627376,
  "hasStopLoss": true,
  "hasTakeProfit": true
}
[2025-08-19T06:59:58.729Z] [SLTP] [SL/TP] Order Received from Instance
{
  "instanceId": "TRADING_AGGREGATOR",
  "orderId": "BOT_1_9fbbe24a-64b9-4619-a624-b93d44913f74",
  "orderType": "MARKET",
  "instrument": "MGC",
  "side": "BUY",
  "quantity": 1,
  "stopPrice": null,
  "stopLossPoints": 5,
  "takeProfitPoints": 5,
  "accountId": 9627376,
  "hasStopLoss": true,
  "hasTakeProfit": true
}
