
================================================================================
ConnectionManager Log File
Started: 2025-08-18T13:30:44.417Z
================================================================================

[2025-08-18T13:30:44.418Z] [INFO] Connection Manager starting up
{
  "config": {
    "port": 7500,
    "apiUrl": "https://api.topstepx.com",
    "corsOrigins": [
      "http://localhost:3000"
    ]
  }
}
[2025-08-18T13:31:11.332Z] [SLTP] [SL/TP] Order Received from Instance
{
  "instanceId": "TRADING_AGGREGATOR",
  "orderId": "BOT_1_992911b6-8313-4eaf-9841-fa23f1372f6c",
  "orderType": "MARKET",
  "instrument": "MGC",
  "side": "SELL",
  "quantity": 1,
  "stopPrice": null,
  "stopLossPoints": 2,
  "takeProfitPoints": 2,
  "accountId": 9627376,
  "hasStopLoss": true,
  "hasTakeProfit": true
}
[2025-08-18T13:35:58.961Z] [SLTP] [SL/TP] Order Received from Instance
{
  "instanceId": "TRADING_AGGREGATOR",
  "orderId": "BOT_1_35b12c4a-f214-472b-9b55-a06121d81ca7",
  "orderType": "MARKET",
  "instrument": "MGC",
  "side": "SELL",
  "quantity": 1,
  "stopPrice": null,
  "stopLossPoints": 2,
  "takeProfitPoints": 2,
  "accountId": 9627376,
  "hasStopLoss": true,
  "hasTakeProfit": true
}
