
================================================================================
ConnectionManager Log File
Started: 2025-08-18T12:11:54.596Z
================================================================================

[2025-08-18T12:11:54.597Z] [INFO] Connection Manager starting up
{
  "config": {
    "port": 7500,
    "apiUrl": "https://api.topstepx.com",
    "corsOrigins": [
      "http://localhost:3000"
    ]
  }
}
[2025-08-18T12:14:00.492Z] [SLTP] [SL/TP] Order Received from Instance
{
  "instanceId": "TRADING_AGGREGATOR",
  "orderId": "BOT_1_bce638b5-cc16-40a0-991a-721355b08e30",
  "orderType": "MARKET",
  "instrument": "MGC",
  "side": "CLOSE",
  "quantity": 1,
  "stopPrice": null,
  "accountId": 9627376,
  "hasStopLoss": false,
  "hasTakeProfit": false
}
[2025-08-18T12:14:59.092Z] [SLTP] [SL/TP] Order Received from Instance
{
  "instanceId": "TRADING_AGGREGATOR",
  "orderId": "BOT_1_1da68e9c-84d3-4a1a-8d6e-d224c085e12e",
  "orderType": "MARKET",
  "instrument": "MGC",
  "side": "SELL",
  "quantity": 1,
  "stopPrice": null,
  "stopLossPoints": 2,
  "takeProfitPoints": 2,
  "accountId": 9627376,
  "hasStopLoss": true,
  "hasTakeProfit": true
}
[2025-08-18T12:19:58.801Z] [SLTP] [SL/TP] Order Received from Instance
{
  "instanceId": "TRADING_AGGREGATOR",
  "orderId": "BOT_1_14bf6597-96bc-4e55-892b-e94f6bfb21fd",
  "orderType": "MARKET",
  "instrument": "MGC",
  "side": "SELL",
  "quantity": 1,
  "stopPrice": null,
  "stopLossPoints": 2,
  "takeProfitPoints": 2,
  "accountId": 9627376,
  "hasStopLoss": true,
  "hasTakeProfit": true
}
[2025-08-18T12:22:58.901Z] [SLTP] [SL/TP] Order Received from Instance
{
  "instanceId": "TRADING_AGGREGATOR",
  "orderId": "BOT_1_40d72c88-78e7-4e77-956c-74209d616a4d",
  "orderType": "MARKET",
  "instrument": "MGC",
  "side": "BUY",
  "quantity": 1,
  "stopPrice": null,
  "accountId": 9627376,
  "hasStopLoss": false,
  "hasTakeProfit": false
}
[2025-08-18T12:22:59.001Z] [SLTP] [SL/TP] Order Received from Instance
{
  "instanceId": "TRADING_AGGREGATOR",
  "orderId": "BOT_1_aad16e78-424a-493b-8b50-fe8660abb142",
  "orderType": "MARKET",
  "instrument": "MGC",
  "side": "BUY",
  "quantity": 1,
  "stopPrice": null,
  "stopLossPoints": 2,
  "takeProfitPoints": 2,
  "accountId": 9627376,
  "hasStopLoss": true,
  "hasTakeProfit": true
}
[2025-08-18T12:26:00.901Z] [SLTP] [SL/TP] Order Received from Instance
{
  "instanceId": "TRADING_AGGREGATOR",
  "orderId": "BOT_1_0d72ac1b-941a-43e9-b491-ea5c23c7963f",
  "orderType": "MARKET",
  "instrument": "MGC",
  "side": "SELL",
  "quantity": 1,
  "stopPrice": null,
  "accountId": 9627376,
  "hasStopLoss": false,
  "hasTakeProfit": false
}
[2025-08-18T12:26:01.001Z] [SLTP] [SL/TP] Order Received from Instance
{
  "instanceId": "TRADING_AGGREGATOR",
  "orderId": "BOT_1_a233633f-6d7f-49b3-bf8d-a0022101cee3",
  "orderType": "MARKET",
  "instrument": "MGC",
  "side": "BUY",
  "quantity": 1,
  "stopPrice": null,
  "stopLossPoints": 2,
  "takeProfitPoints": 2,
  "accountId": 9627376,
  "hasStopLoss": true,
  "hasTakeProfit": true
}
[2025-08-18T12:29:00.897Z] [SLTP] [SL/TP] Order Received from Instance
{
  "instanceId": "TRADING_AGGREGATOR",
  "orderId": "BOT_1_fbab8745-98e6-4460-b10b-73c3efdb74c0",
  "orderType": "MARKET",
  "instrument": "MGC",
  "side": "SELL",
  "quantity": 1,
  "stopPrice": null,
  "accountId": 9627376,
  "hasStopLoss": false,
  "hasTakeProfit": false
}
[2025-08-18T12:29:58.808Z] [SLTP] [SL/TP] Order Received from Instance
{
  "instanceId": "TRADING_AGGREGATOR",
  "orderId": "BOT_1_355fdb30-fe3b-4c87-8f4a-f860efa2507a",
  "orderType": "MARKET",
  "instrument": "MGC",
  "side": "SELL",
  "quantity": 1,
  "stopPrice": null,
  "stopLossPoints": 2,
  "takeProfitPoints": 2,
  "accountId": 9627376,
  "hasStopLoss": true,
  "hasTakeProfit": true
}
[2025-08-18T12:35:58.904Z] [SLTP] [SL/TP] Order Received from Instance
{
  "instanceId": "TRADING_AGGREGATOR",
  "orderId": "BOT_1_2306051f-13be-43b1-81a4-7ffcc0d31248",
  "orderType": "MARKET",
  "instrument": "MGC",
  "side": "BUY",
  "quantity": 1,
  "stopPrice": null,
  "stopLossPoints": 0.11999999999989086,
  "takeProfitPoints": 0.11999999999989086,
  "accountId": 9627376,
  "hasStopLoss": true,
  "hasTakeProfit": true
}
[2025-08-18T12:40:58.804Z] [SLTP] [SL/TP] Order Received from Instance
{
  "instanceId": "TRADING_AGGREGATOR",
  "orderId": "BOT_1_02002af3-7f06-4489-a6b0-4d4d12b41d33",
  "orderType": "MARKET",
  "instrument": "MGC",
  "side": "SELL",
  "quantity": 1,
  "stopPrice": null,
  "accountId": 9627376,
  "hasStopLoss": false,
  "hasTakeProfit": false
}
[2025-08-18T12:45:59.007Z] [SLTP] [SL/TP] Order Received from Instance
{
  "instanceId": "TRADING_AGGREGATOR",
  "orderId": "BOT_1_6642e0f0-cb10-4418-8c0b-2014eaaafbc0",
  "orderType": "MARKET",
  "instrument": "MGC",
  "side": "SELL",
  "quantity": 1,
  "stopPrice": null,
  "stopLossPoints": 2,
  "takeProfitPoints": 2,
  "accountId": 9627376,
  "hasStopLoss": true,
  "hasTakeProfit": true
}
[2025-08-18T12:48:59.304Z] [SLTP] [SL/TP] Order Received from Instance
{
  "instanceId": "TRADING_AGGREGATOR",
  "orderId": "BOT_1_7baa9c3b-bf48-47ab-8651-65979708bd06",
  "orderType": "MARKET",
  "instrument": "MGC",
  "side": "BUY",
  "quantity": 1,
  "stopPrice": null,
  "accountId": 9627376,
  "hasStopLoss": false,
  "hasTakeProfit": false
}
[2025-08-18T12:48:59.403Z] [SLTP] [SL/TP] Order Received from Instance
{
  "instanceId": "TRADING_AGGREGATOR",
  "orderId": "BOT_1_204d7635-da0f-4890-976b-8ac01b1012c8",
  "orderType": "MARKET",
  "instrument": "MGC",
  "side": "BUY",
  "quantity": 1,
  "stopPrice": null,
  "stopLossPoints": 2,
  "takeProfitPoints": 2,
  "accountId": 9627376,
  "hasStopLoss": true,
  "hasTakeProfit": true
}
[2025-08-18T12:51:59.716Z] [SLTP] [SL/TP] Order Received from Instance
{
  "instanceId": "TRADING_AGGREGATOR",
  "orderId": "BOT_1_038063d2-5b34-420d-baaa-c9d9c46e991d",
  "orderType": "MARKET",
  "instrument": "MGC",
  "side": "SELL",
  "quantity": 1,
  "stopPrice": null,
  "accountId": 9627376,
  "hasStopLoss": false,
  "hasTakeProfit": false
}
[2025-08-18T12:51:59.815Z] [SLTP] [SL/TP] Order Received from Instance
{
  "instanceId": "TRADING_AGGREGATOR",
  "orderId": "BOT_1_55ea2c2c-b005-4ed8-8910-f197d802ceab",
  "orderType": "MARKET",
  "instrument": "MGC",
  "side": "SELL",
  "quantity": 1,
  "stopPrice": null,
  "stopLossPoints": 2,
  "takeProfitPoints": 2,
  "accountId": 9627376,
  "hasStopLoss": true,
  "hasTakeProfit": true
}
[2025-08-18T12:54:59.929Z] [SLTP] [SL/TP] Order Received from Instance
{
  "instanceId": "TRADING_AGGREGATOR",
  "orderId": "BOT_1_3f8d663f-8b84-4a2a-b76f-53c39d8464f0",
  "orderType": "MARKET",
  "instrument": "MGC",
  "side": "BUY",
  "quantity": 1,
  "stopPrice": null,
  "accountId": 9627376,
  "hasStopLoss": false,
  "hasTakeProfit": false
}
[2025-08-18T12:55:00.028Z] [SLTP] [SL/TP] Order Received from Instance
{
  "instanceId": "TRADING_AGGREGATOR",
  "orderId": "BOT_1_4fb6b838-7781-4be9-b033-9b37602c4e67",
  "orderType": "MARKET",
  "instrument": "MGC",
  "side": "SELL",
  "quantity": 1,
  "stopPrice": null,
  "stopLossPoints": 2,
  "takeProfitPoints": 2,
  "accountId": 9627376,
  "hasStopLoss": true,
  "hasTakeProfit": true
}
[2025-08-18T12:57:59.928Z] [SLTP] [SL/TP] Order Received from Instance
{
  "instanceId": "TRADING_AGGREGATOR",
  "orderId": "BOT_1_9b18711b-52b1-406d-9b35-3d431805d4ff",
  "orderType": "MARKET",
  "instrument": "MGC",
  "side": "BUY",
  "quantity": 1,
  "stopPrice": null,
  "accountId": 9627376,
  "hasStopLoss": false,
  "hasTakeProfit": false
}
[2025-08-18T12:58:00.027Z] [SLTP] [SL/TP] Order Received from Instance
{
  "instanceId": "TRADING_AGGREGATOR",
  "orderId": "BOT_1_1c6befd6-8a08-4a98-a746-1c8286f368ce",
  "orderType": "MARKET",
  "instrument": "MGC",
  "side": "SELL",
  "quantity": 1,
  "stopPrice": null,
  "stopLossPoints": 2,
  "takeProfitPoints": 2,
  "accountId": 9627376,
  "hasStopLoss": true,
  "hasTakeProfit": true
}
[2025-08-18T13:00:59.928Z] [SLTP] [SL/TP] Order Received from Instance
{
  "instanceId": "TRADING_AGGREGATOR",
  "orderId": "BOT_1_56c2eec8-7fae-4668-8119-a30995b17e62",
  "orderType": "MARKET",
  "instrument": "MGC",
  "side": "BUY",
  "quantity": 1,
  "stopPrice": null,
  "accountId": 9627376,
  "hasStopLoss": false,
  "hasTakeProfit": false
}
[2025-08-18T13:04:58.737Z] [SLTP] [SL/TP] Order Received from Instance
{
  "instanceId": "TRADING_AGGREGATOR",
  "orderId": "BOT_1_934f268b-1066-40d4-8c3c-15b21bb38a10",
  "orderType": "MARKET",
  "instrument": "MGC",
  "side": "BUY",
  "quantity": 1,
  "stopPrice": null,
  "stopLossPoints": 2,
  "takeProfitPoints": 2,
  "accountId": 9627376,
  "hasStopLoss": true,
  "hasTakeProfit": true
}
[2025-08-18T13:08:04.558Z] [SLTP] [SL/TP] Order Received from Instance
{
  "instanceId": "TRADING_AGGREGATOR",
  "orderId": "BOT_1_e42bea7f-c08f-444a-bf7e-a789096209ba",
  "orderType": "MARKET",
  "instrument": "MGC",
  "side": "SELL",
  "quantity": 1,
  "stopPrice": null,
  "stopLossPoints": 2,
  "takeProfitPoints": 2,
  "accountId": 9627376,
  "hasStopLoss": true,
  "hasTakeProfit": true
}
[2025-08-18T13:11:09.848Z] [SLTP] [SL/TP] Order Received from Instance
{
  "instanceId": "TRADING_AGGREGATOR",
  "orderId": "BOT_1_e0e01284-424b-4d2c-900b-cf024889ff36",
  "orderType": "MARKET",
  "instrument": "MGC",
  "side": "BUY",
  "quantity": 1,
  "stopPrice": null,
  "stopLossPoints": 2,
  "takeProfitPoints": 2,
  "accountId": 9627376,
  "hasStopLoss": true,
  "hasTakeProfit": true
}
[2025-08-18T13:14:58.721Z] [SLTP] [SL/TP] Order Received from Instance
{
  "instanceId": "TRADING_AGGREGATOR",
  "orderId": "BOT_1_52bb4864-5d49-4865-8b45-837933f8ee24",
  "orderType": "MARKET",
  "instrument": "MGC",
  "side": "SELL",
  "quantity": 1,
  "stopPrice": null,
  "stopLossPoints": 2,
  "takeProfitPoints": 2,
  "accountId": 9627376,
  "hasStopLoss": true,
  "hasTakeProfit": true
}
[2025-08-18T13:18:04.379Z] [SLTP] [SL/TP] Order Received from Instance
{
  "instanceId": "TRADING_AGGREGATOR",
  "orderId": "BOT_1_f7bb6505-29e9-4b1f-b3fb-cb42de651cd6",
  "orderType": "MARKET",
  "instrument": "MGC",
  "side": "BUY",
  "quantity": 1,
  "stopPrice": null,
  "stopLossPoints": 2,
  "takeProfitPoints": 2,
  "accountId": 9627376,
  "hasStopLoss": true,
  "hasTakeProfit": true
}
[2025-08-18T13:25:00.207Z] [SLTP] [SL/TP] Order Received from Instance
{
  "instanceId": "TRADING_AGGREGATOR",
  "orderId": "BOT_1_47b334f7-cd8c-41af-a66a-abab978a9539",
  "orderType": "MARKET",
  "instrument": "MGC",
  "side": "BUY",
  "quantity": 1,
  "stopPrice": null,
  "stopLossPoints": 2,
  "takeProfitPoints": 2,
  "accountId": 9627376,
  "hasStopLoss": true,
  "hasTakeProfit": true
}
[2025-08-18T13:28:05.955Z] [SLTP] [SL/TP] Order Received from Instance
{
  "instanceId": "TRADING_AGGREGATOR",
  "orderId": "BOT_1_59633e5c-e056-4f2b-a7af-9b8f4bbb914c",
  "orderType": "MARKET",
  "instrument": "MGC",
  "side": "BUY",
  "quantity": 1,
  "stopPrice": null,
  "stopLossPoints": 2,
  "takeProfitPoints": 2,
  "accountId": 9627376,
  "hasStopLoss": true,
  "hasTakeProfit": true
}
