
================================================================================
ConnectionManager Log File
Started: 2025-08-19T13:01:33.190Z
================================================================================

[2025-08-19T13:01:33.191Z] [INFO] Connection Manager starting up
{
  "config": {
    "port": 7500,
    "apiUrl": "https://api.topstepx.com",
    "corsOrigins": [
      "http://localhost:3000"
    ]
  }
}
[2025-08-19T13:05:00.550Z] [SLTP] [SL/TP] Order Received from Instance
{
  "instanceId": "TRADING_AGGREGATOR",
  "orderId": "BOT_1_6832391b-6585-472d-970b-95c2a2cd8cc4",
  "orderType": "MARKET",
  "instrument": "MGC",
  "side": "BUY",
  "quantity": 1,
  "stopPrice": null,
  "stopLossPoints": 5,
  "takeProfitPoints": 5,
  "accountId": 9627376,
  "hasStopLoss": true,
  "hasTakeProfit": true
}
