
================================================================================
TradingBot_BOT_1 Log File
Started: 2025-08-18T14:51:55.883Z
================================================================================

[2025-08-18T14:51:55.883Z] [INFO] TradingBot TradingBot_BOT_1 configuration loaded
{
  "botId": "BOT_1",
  "instrument": "MGC",
  "strategyType": "TEST_TIME_STRATEGY",
  "testMode": false,
  "enabled": true
}
[2025-08-18T14:51:55.884Z] [INFO] Risk manager initialized
{
  "maxDailyLoss": 800,
  "maxDailyProfit": 600,
  "maxOpenPositions": 1,
  "dollarRiskPerTrade": 50
}
[2025-08-18T14:51:55.902Z] [INFO] Strategy TEST_TIME_STRATEGY loaded successfully
{
  "config": {
    "intervalMinutes": 5,
    "tradeDurationMinutes": 3,
    "candleLookbackMinutes": 1,
    "dollarRiskPerTrade": 50,
    "maxRiskPoints": 3,
    "riskRewardRatio": 1,
    "positionSize": 1,
    "dollarPerPoint": 10,
    "enableLogging": true
  }
}
[2025-08-18T14:51:55.934Z] [INFO] Aggregator client connected successfully
{}
[2025-08-18T14:51:55.934Z] [INFO] Initializing live market data connection
{
  "instrument": "MGC",
  "aggregatorEnabled": true
}
[2025-08-18T14:51:55.934Z] [INFO] Live trading mode - subscribing to market data feed
{
  "instrument": "MGC",
  "note": "Market data will be received from Connection Manager via aggregator"
}
[2025-08-18T14:51:55.935Z] [INFO] Subscribed to live market data feed via aggregator
{}
[2025-08-18T14:51:55.935Z] [INFO] TradingBot initialized successfully
{
  "botId": "BOT_1",
  "strategy": "loaded",
  "aggregator": "connected",
  "riskManager": "active"
}
[2025-08-18T14:54:58.299Z] [INFO] Signal generated: SHORT TEST_TIME_STRATEGY
{
  "price": 3378.1,
  "stopLoss": 3383.1,
  "takeProfit": 3373.1,
  "positionSize": 1,
  "dollarRisk": 50,
  "confidence": "TEST",
  "DEBUG_direction": "SHORT",
  "DEBUG_isClosePosition": false
}
[2025-08-18T14:54:58.303Z] [INFO] Order accepted by aggregator
{
  "orderId": "BOT_1_71aa49c2-0a23-4327-bf6a-7814fd45f56a",
  "aggregatorOrderId": "BOT_1_71aa49c2-0a23-4327-bf6a-7814fd45f56a",
  "queueId": "queue_1755528898303"
}
[2025-08-18T14:54:58.304Z] [INFO] Signal submitted to aggregator
{
  "orderId": "BOT_1_71aa49c2-0a23-4327-bf6a-7814fd45f56a",
  "success": true,
  "aggregatorOrderId": "BOT_1_71aa49c2-0a23-4327-bf6a-7814fd45f56a"
}
[2025-08-18T14:57:58.291Z] [INFO] Signal generated: CLOSE_POSITION TEST_TIME_STRATEGY
{
  "positionSize": 1,
  "confidence": "TEST",
  "DEBUG_direction": "CLOSE_POSITION",
  "DEBUG_isClosePosition": true
}
[2025-08-18T14:57:58.291Z] [INFO] Processing CLOSE_POSITION signal
{
  "instrument": "MGC",
  "closeType": "full",
  "reason": "Test strategy: Time-based closure after 3 minutes"
}
[2025-08-18T14:57:58.672Z] [ERROR] Failed to submit signal to aggregator
{
  "error": "TopStep API Error 2: TopStep API error code 2",
  "signal": {
    "direction": "CLOSE_POSITION",
    "confidence": "TEST",
    "instrument": "MGC",
    "positionSize": 1,
    "reason": "Test strategy: Time-based closure after 3 minutes",
    "timestamp": "2025-08-18T14:58:00.012Z",
    "strategyName": "TEST_TIME_STRATEGY",
    "strategyVersion": "1.0",
    "closeType": "full",
    "testData": {
      "closeReason": "TIME_LIMIT",
      "durationMinutes": 3,
      "originalPosition": "SHORT"
    }
  }
}
