
================================================================================
TradingBot_BOT_1 Log File
Started: 2025-08-20T21:04:27.065Z
================================================================================

[2025-08-20T21:04:27.065Z] [INFO] TradingBot TradingBot_BOT_1 configuration loaded
{
  "botId": "BOT_1",
  "instrument": "F.US.MGC",
  "strategyType": "PDH_PDL_COMPREHENSIVE",
  "testMode": false,
  "enabled": true
}
[2025-08-20T21:04:27.066Z] [INFO] Risk manager initialized
{
  "maxDailyLoss": 800,
  "maxDailyProfit": 600,
  "maxOpenPositions": 1,
  "dollarRiskPerTrade": 50
}
[2025-08-20T21:04:27.071Z] [INFO] Strategy PDH_PDL_COMPREHENSIVE loaded successfully
{
  "config": {
    "dollarRiskPerTrade": 100,
    "dollarPerPoint": 10,
    "maxRiskPoints": 3,
    "riskRewardRatio": 2,
    "volumeConfirmationMultiplier": 1.5,
    "breakoutBufferTicks": 2,
    "mgcBreakoutStopTicks": 10,
    "mgcFadeStopTicks": 8,
    "mgcLiquiditySweepStopTicks": 6,
    "enableBreakoutStrategy": true,
    "enableFadeStrategy": true,
    "enableLiquiditySweepStrategy": true,
    "enableTimeDecay": true,
    "stopNewSignalsAt": "20:55",
    "requireVwapAlignment": true,
    "minVolumeRatio": 1.5,
    "enableMarketStructureFilter": true,
    "enableVolumeProfile": true,
    "volumeProfileBins": 50,
    "pocThreshold": 0.7,
    "hvnThreshold": 1.5,
    "lvnThreshold": 0.5,
    "enableCumulativeDelta": true,
    "cumulativeDeltaThreshold": 0,
    "cumulativeDeltaPeriod": 20,
    "adxPeriod": 14,
    "adxTrendingThreshold": 25,
    "adxRangingThreshold": 20,
    "enableLiquiditySweeps": true,
    "liquiditySweepPenetrationTicks": 3,
    "liquiditySweepReversalTicks": 5,
    "liquiditySweepMaxBars": 3,
    "enableTimeBasedOptimization": true,
    "tickSize": 0.1,
    "candlePeriodMs": 300000,
    "signalCooldownMs": 300000,
    "minSignalConfidence": "MEDIUM",
    "maxSignalsPerDay": 6,
    "maxCandleHistory": 200,
    "indicatorLookback": 50
  }
}
[2025-08-20T21:04:27.077Z] [INFO] Aggregator client connected successfully
{}
[2025-08-20T21:04:27.077Z] [INFO] Initializing live market data connection
{
  "instrument": "F.US.MGC",
  "aggregatorEnabled": true
}
[2025-08-20T21:04:27.077Z] [INFO] Live trading mode - subscribing to market data feed
{
  "instrument": "F.US.MGC",
  "note": "Market data will be received from Connection Manager via aggregator"
}
[2025-08-20T21:04:27.077Z] [INFO] Subscribed to live market data feed via aggregator
{}
[2025-08-20T21:04:27.077Z] [INFO] TradingBot initialized successfully
{
  "botId": "BOT_1",
  "strategy": "loaded",
  "aggregator": "connected",
  "riskManager": "active"
}
[2025-08-20T21:09:34.029Z] [INFO] TradingBot started
{}
