
================================================================================
TradingBot_BOT_1 Log File
Started: 2025-08-18T15:18:34.975Z
================================================================================

[2025-08-18T15:18:34.975Z] [INFO] TradingBot TradingBot_BOT_1 configuration loaded
{
  "botId": "BOT_1",
  "instrument": "MGC",
  "strategyType": "TEST_TIME_STRATEGY",
  "testMode": false,
  "enabled": true
}
[2025-08-18T15:18:34.976Z] [INFO] Risk manager initialized
{
  "maxDailyLoss": 800,
  "maxDailyProfit": 600,
  "maxOpenPositions": 1,
  "dollarRiskPerTrade": 50
}
[2025-08-18T15:18:34.999Z] [INFO] Strategy TEST_TIME_STRATEGY loaded successfully
{
  "config": {
    "intervalMinutes": 5,
    "tradeDurationMinutes": 3,
    "candleLookbackMinutes": 1,
    "dollarRiskPerTrade": 50,
    "maxRiskPoints": 3,
    "riskRewardRatio": 1,
    "positionSize": 1,
    "dollarPerPoint": 10,
    "enableLogging": true
  }
}
[2025-08-18T15:18:35.211Z] [INFO] Aggregator client connected successfully
{}
[2025-08-18T15:18:35.212Z] [INFO] Initializing live market data connection
{
  "instrument": "MGC",
  "aggregatorEnabled": true
}
[2025-08-18T15:18:35.212Z] [INFO] Live trading mode - subscribing to market data feed
{
  "instrument": "MGC",
  "note": "Market data will be received from Connection Manager via aggregator"
}
[2025-08-18T15:18:35.212Z] [INFO] Subscribed to live market data feed via aggregator
{}
[2025-08-18T15:18:35.213Z] [INFO] TradingBot initialized successfully
{
  "botId": "BOT_1",
  "strategy": "loaded",
  "aggregator": "connected",
  "riskManager": "active"
}
[2025-08-18T15:18:37.706Z] [INFO] TradingBot started
{}
[2025-08-18T15:20:00.076Z] [INFO] Signal generated: SHORT TEST_TIME_STRATEGY
{
  "price": 3378.8500000000004,
  "stopLoss": 3383.8500000000004,
  "takeProfit": 3373.8500000000004,
  "positionSize": 1,
  "dollarRisk": 50,
  "confidence": "TEST",
  "DEBUG_direction": "SHORT",
  "DEBUG_isClosePosition": false
}
[2025-08-18T15:20:00.081Z] [INFO] Order accepted by aggregator
{
  "orderId": "BOT_1_955ccd8a-ab96-4830-8593-6ac31dd09cbd",
  "aggregatorOrderId": "BOT_1_955ccd8a-ab96-4830-8593-6ac31dd09cbd",
  "queueId": "queue_1755530400081"
}
[2025-08-18T15:20:00.082Z] [INFO] Signal submitted to aggregator
{
  "orderId": "BOT_1_955ccd8a-ab96-4830-8593-6ac31dd09cbd",
  "success": true,
  "aggregatorOrderId": "BOT_1_955ccd8a-ab96-4830-8593-6ac31dd09cbd"
}
[2025-08-18T15:23:00.064Z] [INFO] Signal generated: CLOSE_POSITION TEST_TIME_STRATEGY
{
  "positionSize": 1,
  "confidence": "TEST",
  "DEBUG_direction": "CLOSE_POSITION",
  "DEBUG_isClosePosition": true
}
[2025-08-18T15:23:00.064Z] [INFO] Processing CLOSE_POSITION signal
{
  "instrument": "MGC",
  "closeType": "full",
  "reason": "Test strategy: Time-based closure after 3 minutes"
}
[2025-08-18T15:23:00.468Z] [INFO] Signal submitted to aggregator
{
  "success": true
}
[2025-08-18T15:25:00.061Z] [INFO] Signal generated: LONG TEST_TIME_STRATEGY
{
  "price": 3379,
  "stopLoss": 3374,
  "takeProfit": 3384,
  "positionSize": 1,
  "dollarRisk": 50,
  "confidence": "TEST",
  "DEBUG_direction": "LONG",
  "DEBUG_isClosePosition": false
}
[2025-08-18T15:25:00.063Z] [INFO] Order accepted by aggregator
{
  "orderId": "BOT_1_df41e39c-f614-4a57-a12e-cf8e2877d199",
  "aggregatorOrderId": "BOT_1_df41e39c-f614-4a57-a12e-cf8e2877d199",
  "queueId": "queue_1755530700063"
}
[2025-08-18T15:25:00.063Z] [INFO] Signal submitted to aggregator
{
  "orderId": "BOT_1_df41e39c-f614-4a57-a12e-cf8e2877d199",
  "success": true,
  "aggregatorOrderId": "BOT_1_df41e39c-f614-4a57-a12e-cf8e2877d199"
}
[2025-08-18T15:28:00.901Z] [INFO] Signal generated: CLOSE_POSITION TEST_TIME_STRATEGY
{
  "positionSize": 1,
  "confidence": "TEST",
  "DEBUG_direction": "CLOSE_POSITION",
  "DEBUG_isClosePosition": true
}
[2025-08-18T15:28:00.901Z] [INFO] Processing CLOSE_POSITION signal
{
  "instrument": "MGC",
  "closeType": "full",
  "reason": "Test strategy: Time-based closure after 3 minutes"
}
[2025-08-18T15:28:01.290Z] [INFO] Signal submitted to aggregator
{
  "success": true
}
[2025-08-18T15:29:59.994Z] [INFO] Signal generated: LONG TEST_TIME_STRATEGY
{
  "price": 3379.6,
  "stopLoss": 3374.6,
  "takeProfit": 3384.6,
  "positionSize": 1,
  "dollarRisk": 50,
  "confidence": "TEST",
  "DEBUG_direction": "LONG",
  "DEBUG_isClosePosition": false
}
[2025-08-18T15:29:59.996Z] [INFO] Order accepted by aggregator
{
  "orderId": "BOT_1_6fedbc83-fba5-4e1c-8897-54d905d82f72",
  "aggregatorOrderId": "BOT_1_6fedbc83-fba5-4e1c-8897-54d905d82f72",
  "queueId": "queue_1755530999996"
}
[2025-08-18T15:29:59.996Z] [INFO] Signal submitted to aggregator
{
  "orderId": "BOT_1_6fedbc83-fba5-4e1c-8897-54d905d82f72",
  "success": true,
  "aggregatorOrderId": "BOT_1_6fedbc83-fba5-4e1c-8897-54d905d82f72"
}
