
================================================================================
TradingBot_BOT_1 Log File
Started: 2025-08-19T03:52:13.934Z
================================================================================

[2025-08-19T03:52:13.934Z] [INFO] TradingBot TradingBot_BOT_1 configuration loaded
{
  "botId": "BOT_1",
  "instrument": "MGC",
  "strategyType": "TEST_TIME_STRATEGY",
  "testMode": false,
  "enabled": true
}
[2025-08-19T03:52:13.936Z] [INFO] Risk manager initialized
{
  "maxDailyLoss": 800,
  "maxDailyProfit": 600,
  "maxOpenPositions": 1,
  "dollarRiskPerTrade": 50
}
[2025-08-19T03:52:13.956Z] [INFO] Strategy TEST_TIME_STRATEGY loaded successfully
{
  "config": {
    "intervalMinutes": 5,
    "tradeDurationMinutes": 3,
    "candleLookbackMinutes": 1,
    "dollarRiskPerTrade": 50,
    "maxRiskPoints": 3,
    "riskRewardRatio": 1,
    "positionSize": 1,
    "dollarPerPoint": 10,
    "enableLogging": true
  }
}
[2025-08-19T03:52:13.999Z] [INFO] Aggregator client connected successfully
{}
[2025-08-19T03:52:14.000Z] [INFO] Initializing live market data connection
{
  "instrument": "MGC",
  "aggregatorEnabled": true
}
[2025-08-19T03:52:14.000Z] [INFO] Live trading mode - subscribing to market data feed
{
  "instrument": "MGC",
  "note": "Market data will be received from Connection Manager via aggregator"
}
[2025-08-19T03:52:14.000Z] [INFO] Subscribed to live market data feed via aggregator
{}
[2025-08-19T03:52:14.001Z] [INFO] TradingBot initialized successfully
{
  "botId": "BOT_1",
  "strategy": "loaded",
  "aggregator": "connected",
  "riskManager": "active"
}
[2025-08-19T03:52:14.955Z] [DEBUG] Market data received
{
  "instrument": "CON.F.US.MGC.Z25",
  "price": 3380.8,
  "bid": 3380.7,
  "ask": 3380.9,
  "volume": 1000,
  "status": "READY"
}
[2025-08-19T03:52:14.956Z] [DEBUG] Market data received
{
  "instrument": "CON.F.US.MGC.Z25",
  "price": 3380.8,
  "bid": 3380.7,
  "ask": 3380.9,
  "volume": 1000,
  "status": "READY"
}
[2025-08-19T03:52:15.506Z] [DEBUG] Market data received
{
  "instrument": "CON.F.US.MGC.Z25",
  "price": 3380.75,
  "bid": 3380.7,
  "ask": 3380.8,
  "volume": 1000,
  "status": "READY"
}
[2025-08-19T03:52:15.506Z] [DEBUG] Market data received
{
  "instrument": "CON.F.US.MGC.Z25",
  "price": 3380.75,
  "bid": 3380.7,
  "ask": 3380.8,
  "volume": 1000,
  "status": "READY"
}
[2025-08-19T03:52:15.554Z] [DEBUG] Market data received
{
  "instrument": "CON.F.US.MGC.Z25",
  "price": 3380.8,
  "bid": 3380.7,
  "ask": 3380.9,
  "volume": 1000,
  "status": "READY"
}
[2025-08-19T03:52:15.554Z] [DEBUG] Market data received
{
  "instrument": "CON.F.US.MGC.Z25",
  "price": 3380.8,
  "bid": 3380.7,
  "ask": 3380.9,
  "volume": 1000,
  "status": "READY"
}
[2025-08-19T03:52:16.206Z] [DEBUG] Market data received
{
  "instrument": "CON.F.US.MGC.Z25",
  "price": 3380.8,
  "volume": 2,
  "status": "READY"
}
[2025-08-19T03:52:16.207Z] [DEBUG] Market data received
{
  "instrument": "CON.F.US.MGC.Z25",
  "price": 3380.8,
  "volume": 2,
  "status": "READY"
}
[2025-08-19T03:52:16.207Z] [DEBUG] Market data received
{
  "instrument": "CON.F.US.MGC.Z25",
  "price": 3380.8,
  "volume": 1,
  "status": "READY"
}
[2025-08-19T03:52:16.208Z] [DEBUG] Market data received
{
  "instrument": "CON.F.US.MGC.Z25",
  "price": 3380.8,
  "volume": 1,
  "status": "READY"
}
[2025-08-19T03:52:16.208Z] [DEBUG] Market data received
{
  "instrument": "CON.F.US.MGC.Z25",
  "price": 3380.8500000000004,
  "bid": 3380.8,
  "ask": 3380.9,
  "volume": 1000,
  "status": "READY"
}
[2025-08-19T03:52:16.208Z] [DEBUG] Market data received
{
  "instrument": "CON.F.US.MGC.Z25",
  "price": 3380.8500000000004,
  "bid": 3380.8,
  "ask": 3380.9,
  "volume": 1000,
  "status": "READY"
}
[2025-08-19T03:52:16.353Z] [DEBUG] Market data received
{
  "instrument": "CON.F.US.MGC.Z25",
  "price": 3380.8500000000004,
  "bid": 3380.8,
  "ask": 3380.9,
  "volume": 1000,
  "status": "READY"
}
[2025-08-19T03:52:16.354Z] [DEBUG] Market data received
{
  "instrument": "CON.F.US.MGC.Z25",
  "price": 3380.8500000000004,
  "bid": 3380.8,
  "ask": 3380.9,
  "volume": 1000,
  "status": "READY"
}
[2025-08-19T03:52:17.154Z] [DEBUG] Market data received
{
  "instrument": "CON.F.US.MGC.Z25",
  "price": 3380.8,
  "bid": 3380.7,
  "ask": 3380.9,
  "volume": 1000,
  "status": "READY"
}
[2025-08-19T03:52:17.155Z] [DEBUG] Market data received
{
  "instrument": "CON.F.US.MGC.Z25",
  "price": 3380.8,
  "bid": 3380.7,
  "ask": 3380.9,
  "volume": 1000,
  "status": "READY"
}
[2025-08-19T03:52:17.160Z] [DEBUG] Market data received
{
  "instrument": "CON.F.US.MGC.Z25",
  "price": 3380.8,
  "volume": 1,
  "status": "READY"
}
[2025-08-19T03:52:17.161Z] [DEBUG] Market data received
{
  "instrument": "CON.F.US.MGC.Z25",
  "price": 3380.8,
  "volume": 1,
  "status": "READY"
}
[2025-08-19T03:52:19.754Z] [DEBUG] Market data received
{
  "instrument": "CON.F.US.MGC.Z25",
  "price": 3380.75,
  "bid": 3380.7,
  "ask": 3380.8,
  "volume": 1000,
  "status": "READY"
}
[2025-08-19T03:52:19.755Z] [DEBUG] Market data received
{
  "instrument": "CON.F.US.MGC.Z25",
  "price": 3380.75,
  "bid": 3380.7,
  "ask": 3380.8,
  "volume": 1000,
  "status": "READY"
}
[2025-08-19T03:52:19.758Z] [DEBUG] Market data received
{
  "instrument": "CON.F.US.MGC.Z25",
  "price": 3380.8,
  "volume": 1,
  "status": "READY"
}
[2025-08-19T03:52:19.758Z] [DEBUG] Market data received
{
  "instrument": "CON.F.US.MGC.Z25",
  "price": 3380.8,
  "volume": 1,
  "status": "READY"
}
[2025-08-19T03:52:20.054Z] [DEBUG] Market data received
{
  "instrument": "CON.F.US.MGC.Z25",
  "price": 3380.8,
  "bid": 3380.7,
  "ask": 3380.9,
  "volume": 1000,
  "status": "READY"
}
[2025-08-19T03:52:20.054Z] [DEBUG] Market data received
{
  "instrument": "CON.F.US.MGC.Z25",
  "price": 3380.8,
  "bid": 3380.7,
  "ask": 3380.9,
  "volume": 1000,
  "status": "READY"
}
[2025-08-19T03:52:20.056Z] [DEBUG] Market data received
{
  "instrument": "CON.F.US.MGC.Z25",
  "price": 3380.8,
  "volume": 1,
  "status": "READY"
}
[2025-08-19T03:52:20.056Z] [DEBUG] Market data received
{
  "instrument": "CON.F.US.MGC.Z25",
  "price": 3380.8,
  "volume": 1,
  "status": "READY"
}
[2025-08-19T03:52:24.557Z] [DEBUG] Market data received
{
  "instrument": "CON.F.US.MGC.Z25",
  "price": 3380.8,
  "bid": 3380.7,
  "ask": 3380.9,
  "volume": 1000,
  "status": "READY"
}
[2025-08-19T03:52:24.557Z] [DEBUG] Market data received
{
  "instrument": "CON.F.US.MGC.Z25",
  "price": 3380.8,
  "bid": 3380.7,
  "ask": 3380.9,
  "volume": 1000,
  "status": "READY"
}
[2025-08-19T03:52:28.253Z] [DEBUG] Market data received
{
  "instrument": "CON.F.US.MGC.Z25",
  "price": 3380.75,
  "bid": 3380.7,
  "ask": 3380.8,
  "volume": 1000,
  "status": "READY"
}
[2025-08-19T03:52:28.253Z] [DEBUG] Market data received
{
  "instrument": "CON.F.US.MGC.Z25",
  "price": 3380.75,
  "bid": 3380.7,
  "ask": 3380.8,
  "volume": 1000,
  "status": "READY"
}
[2025-08-19T03:52:29.904Z] [DEBUG] Market data received
{
  "instrument": "CON.F.US.MGC.Z25",
  "price": 3380.7,
  "volume": 1,
  "status": "READY"
}
[2025-08-19T03:52:29.904Z] [DEBUG] Market data received
{
  "instrument": "CON.F.US.MGC.Z25",
  "price": 3380.7,
  "volume": 1,
  "status": "READY"
}
[2025-08-19T03:52:30.105Z] [DEBUG] Market data received
{
  "instrument": "CON.F.US.MGC.Z25",
  "price": 3380.8500000000004,
  "bid": 3380.8,
  "ask": 3380.9,
  "volume": 1000,
  "status": "READY"
}
[2025-08-19T03:52:30.106Z] [DEBUG] Market data received
{
  "instrument": "CON.F.US.MGC.Z25",
  "price": 3380.8500000000004,
  "bid": 3380.8,
  "ask": 3380.9,
  "volume": 1000,
  "status": "READY"
}
[2025-08-19T03:52:30.357Z] [DEBUG] Market data received
{
  "instrument": "CON.F.US.MGC.Z25",
  "price": 3380.9,
  "volume": 1,
  "status": "READY"
}
[2025-08-19T03:52:30.357Z] [DEBUG] Market data received
{
  "instrument": "CON.F.US.MGC.Z25",
  "price": 3380.9,
  "volume": 1,
  "status": "READY"
}
[2025-08-19T03:52:30.358Z] [DEBUG] Market data received
{
  "instrument": "CON.F.US.MGC.Z25",
  "price": 3381,
  "volume": 1,
  "status": "READY"
}
[2025-08-19T03:52:30.358Z] [DEBUG] Market data received
{
  "instrument": "CON.F.US.MGC.Z25",
  "price": 3381,
  "volume": 1,
  "status": "READY"
}
[2025-08-19T03:52:30.405Z] [DEBUG] Market data received
{
  "instrument": "CON.F.US.MGC.Z25",
  "price": 3380.8,
  "bid": 3380.7,
  "ask": 3380.9,
  "volume": 1000,
  "status": "READY"
}
[2025-08-19T03:52:30.405Z] [DEBUG] Market data received
{
  "instrument": "CON.F.US.MGC.Z25",
  "price": 3380.8,
  "bid": 3380.7,
  "ask": 3380.9,
  "volume": 1000,
  "status": "READY"
}
[2025-08-19T03:52:30.553Z] [DEBUG] Market data received
{
  "instrument": "CON.F.US.MGC.Z25",
  "price": 3380.9,
  "bid": 3380.8,
  "ask": 3381,
  "volume": 1000,
  "status": "READY"
}
[2025-08-19T03:52:30.553Z] [DEBUG] Market data received
{
  "instrument": "CON.F.US.MGC.Z25",
  "price": 3380.9,
  "bid": 3380.8,
  "ask": 3381,
  "volume": 1000,
  "status": "READY"
}
[2025-08-19T03:52:30.706Z] [DEBUG] Market data received
{
  "instrument": "CON.F.US.MGC.Z25",
  "price": 3380.95,
  "bid": 3380.9,
  "ask": 3381,
  "volume": 1000,
  "status": "READY"
}
[2025-08-19T03:52:30.706Z] [DEBUG] Market data received
{
  "instrument": "CON.F.US.MGC.Z25",
  "price": 3380.95,
  "bid": 3380.9,
  "ask": 3381,
  "volume": 1000,
  "status": "READY"
}
[2025-08-19T03:52:31.505Z] [DEBUG] Market data received
{
  "instrument": "CON.F.US.MGC.Z25",
  "price": 3380.9,
  "volume": 1,
  "status": "READY"
}
[2025-08-19T03:52:31.505Z] [DEBUG] Market data received
{
  "instrument": "CON.F.US.MGC.Z25",
  "price": 3380.9,
  "volume": 1,
  "status": "READY"
}
[2025-08-19T03:52:31.506Z] [DEBUG] Market data received
{
  "instrument": "CON.F.US.MGC.Z25",
  "price": 3380.9,
  "bid": 3380.8,
  "ask": 3381,
  "volume": 1000,
  "status": "READY"
}
[2025-08-19T03:52:31.506Z] [DEBUG] Market data received
{
  "instrument": "CON.F.US.MGC.Z25",
  "price": 3380.9,
  "bid": 3380.8,
  "ask": 3381,
  "volume": 1000,
  "status": "READY"
}
[2025-08-19T03:52:34.503Z] [DEBUG] Market data received
{
  "instrument": "CON.F.US.MGC.Z25",
  "price": 3380.95,
  "bid": 3380.9,
  "ask": 3381,
  "volume": 1000,
  "status": "READY"
}
[2025-08-19T03:52:34.504Z] [DEBUG] Market data received
{
  "instrument": "CON.F.US.MGC.Z25",
  "price": 3380.95,
  "bid": 3380.9,
  "ask": 3381,
  "volume": 1000,
  "status": "READY"
}
[2025-08-19T03:52:36.454Z] [DEBUG] Market data received
{
  "instrument": "CON.F.US.MGC.Z25",
  "price": 3380.9,
  "bid": 3380.8,
  "ask": 3381,
  "volume": 1000,
  "status": "READY"
}
[2025-08-19T03:52:36.454Z] [DEBUG] Market data received
{
  "instrument": "CON.F.US.MGC.Z25",
  "price": 3380.9,
  "bid": 3380.8,
  "ask": 3381,
  "volume": 1000,
  "status": "READY"
}
[2025-08-19T03:52:36.455Z] [DEBUG] Market data received
{
  "instrument": "CON.F.US.MGC.Z25",
  "price": 3380.9,
  "volume": 1,
  "status": "READY"
}
[2025-08-19T03:52:36.456Z] [DEBUG] Market data received
{
  "instrument": "CON.F.US.MGC.Z25",
  "price": 3380.9,
  "volume": 1,
  "status": "READY"
}
[2025-08-19T03:52:36.504Z] [DEBUG] Market data received
{
  "instrument": "CON.F.US.MGC.Z25",
  "price": 3380.8,
  "bid": 3380.7,
  "ask": 3380.9,
  "volume": 1000,
  "status": "READY"
}
[2025-08-19T03:52:36.504Z] [DEBUG] Market data received
{
  "instrument": "CON.F.US.MGC.Z25",
  "price": 3380.8,
  "bid": 3380.7,
  "ask": 3380.9,
  "volume": 1000,
  "status": "READY"
}
[2025-08-19T03:52:36.804Z] [DEBUG] Market data received
{
  "instrument": "CON.F.US.MGC.Z25",
  "price": 3380.9,
  "bid": 3380.8,
  "ask": 3381,
  "volume": 1000,
  "status": "READY"
}
[2025-08-19T03:52:36.804Z] [DEBUG] Market data received
{
  "instrument": "CON.F.US.MGC.Z25",
  "price": 3380.9,
  "bid": 3380.8,
  "ask": 3381,
  "volume": 1000,
  "status": "READY"
}
[2025-08-19T03:52:37.404Z] [DEBUG] Market data received
{
  "instrument": "CON.F.US.MGC.Z25",
  "price": 3380.8,
  "bid": 3380.7,
  "ask": 3380.9,
  "volume": 1000,
  "status": "READY"
}
[2025-08-19T03:52:37.405Z] [DEBUG] Market data received
{
  "instrument": "CON.F.US.MGC.Z25",
  "price": 3380.8,
  "bid": 3380.7,
  "ask": 3380.9,
  "volume": 1000,
  "status": "READY"
}
[2025-08-19T03:52:43.155Z] [DEBUG] Market data received
{
  "instrument": "CON.F.US.MGC.Z25",
  "price": 3380.9,
  "bid": 3380.8,
  "ask": 3381,
  "volume": 1000,
  "status": "READY"
}
[2025-08-19T03:52:43.155Z] [DEBUG] Market data received
{
  "instrument": "CON.F.US.MGC.Z25",
  "price": 3380.9,
  "bid": 3380.8,
  "ask": 3381,
  "volume": 1000,
  "status": "READY"
}
[2025-08-19T03:52:44.305Z] [DEBUG] Market data received
{
  "instrument": "CON.F.US.MGC.Z25",
  "price": 3380.95,
  "bid": 3380.9,
  "ask": 3381,
  "volume": 1000,
  "status": "READY"
}
[2025-08-19T03:52:44.306Z] [DEBUG] Market data received
{
  "instrument": "CON.F.US.MGC.Z25",
  "price": 3380.95,
  "bid": 3380.9,
  "ask": 3381,
  "volume": 1000,
  "status": "READY"
}
[2025-08-19T03:52:46.104Z] [DEBUG] Market data received
{
  "instrument": "CON.F.US.MGC.Z25",
  "price": 3381,
  "bid": 3380.9,
  "ask": 3381.1,
  "volume": 1000,
  "status": "READY"
}
[2025-08-19T03:52:46.104Z] [DEBUG] Market data received
{
  "instrument": "CON.F.US.MGC.Z25",
  "price": 3381,
  "bid": 3380.9,
  "ask": 3381.1,
  "volume": 1000,
  "status": "READY"
}
[2025-08-19T03:52:46.705Z] [DEBUG] Market data received
{
  "instrument": "CON.F.US.MGC.Z25",
  "price": 3381.1,
  "bid": 3381,
  "ask": 3381.2,
  "volume": 1000,
  "status": "READY"
}
[2025-08-19T03:52:46.706Z] [DEBUG] Market data received
{
  "instrument": "CON.F.US.MGC.Z25",
  "price": 3381.1,
  "bid": 3381,
  "ask": 3381.2,
  "volume": 1000,
  "status": "READY"
}
[2025-08-19T03:52:46.952Z] [DEBUG] Market data received
{
  "instrument": "CON.F.US.MGC.Z25",
  "price": 3381,
  "bid": 3380.9,
  "ask": 3381.1,
  "volume": 1000,
  "status": "READY"
}
[2025-08-19T03:52:46.952Z] [DEBUG] Market data received
{
  "instrument": "CON.F.US.MGC.Z25",
  "price": 3381,
  "bid": 3380.9,
  "ask": 3381.1,
  "volume": 1000,
  "status": "READY"
}
[2025-08-19T03:52:47.905Z] [DEBUG] Market data received
{
  "instrument": "CON.F.US.MGC.Z25",
  "price": 3381,
  "bid": 3380.9,
  "ask": 3381.1,
  "volume": 1000,
  "status": "READY"
}
[2025-08-19T03:52:47.905Z] [DEBUG] Market data received
{
  "instrument": "CON.F.US.MGC.Z25",
  "price": 3381,
  "bid": 3380.9,
  "ask": 3381.1,
  "volume": 1000,
  "status": "READY"
}
[2025-08-19T03:52:48.005Z] [DEBUG] Market data received
{
  "instrument": "CON.F.US.MGC.Z25",
  "price": 3381.1,
  "volume": 1,
  "status": "READY"
}
[2025-08-19T03:52:48.005Z] [DEBUG] Market data received
{
  "instrument": "CON.F.US.MGC.Z25",
  "price": 3381.1,
  "volume": 1,
  "status": "READY"
}
[2025-08-19T03:52:48.006Z] [DEBUG] Market data received
{
  "instrument": "CON.F.US.MGC.Z25",
  "price": 3381.2,
  "volume": 1,
  "status": "READY"
}
[2025-08-19T03:52:48.006Z] [DEBUG] Market data received
{
  "instrument": "CON.F.US.MGC.Z25",
  "price": 3381.2,
  "volume": 1,
  "status": "READY"
}
[2025-08-19T03:52:48.006Z] [DEBUG] Market data received
{
  "instrument": "CON.F.US.MGC.Z25",
  "price": 3381.2,
  "volume": 5,
  "status": "READY"
}
[2025-08-19T03:52:48.006Z] [DEBUG] Market data received
{
  "instrument": "CON.F.US.MGC.Z25",
  "price": 3381.2,
  "volume": 5,
  "status": "READY"
}
[2025-08-19T03:52:48.007Z] [DEBUG] Market data received
{
  "instrument": "CON.F.US.MGC.Z25",
  "price": 3381.2,
  "volume": 1,
  "status": "READY"
}
[2025-08-19T03:52:48.007Z] [DEBUG] Market data received
{
  "instrument": "CON.F.US.MGC.Z25",
  "price": 3381.2,
  "volume": 1,
  "status": "READY"
}
[2025-08-19T03:52:48.007Z] [DEBUG] Market data received
{
  "instrument": "CON.F.US.MGC.Z25",
  "price": 3381.2,
  "volume": 4,
  "status": "READY"
}
[2025-08-19T03:52:48.007Z] [DEBUG] Market data received
{
  "instrument": "CON.F.US.MGC.Z25",
  "price": 3381.2,
  "volume": 4,
  "status": "READY"
}
[2025-08-19T03:52:48.008Z] [DEBUG] Market data received
{
  "instrument": "CON.F.US.MGC.Z25",
  "price": 3381.4,
  "volume": 2,
  "status": "READY"
}
[2025-08-19T03:52:48.008Z] [DEBUG] Market data received
{
  "instrument": "CON.F.US.MGC.Z25",
  "price": 3381.4,
  "volume": 2,
  "status": "READY"
}
[2025-08-19T03:52:48.008Z] [DEBUG] Market data received
{
  "instrument": "CON.F.US.MGC.Z25",
  "price": 3381.4,
  "volume": 3,
  "status": "READY"
}
[2025-08-19T03:52:48.009Z] [DEBUG] Market data received
{
  "instrument": "CON.F.US.MGC.Z25",
  "price": 3381.4,
  "volume": 3,
  "status": "READY"
}
[2025-08-19T03:52:48.009Z] [DEBUG] Market data received
{
  "instrument": "CON.F.US.MGC.Z25",
  "price": 3381.5,
  "bid": 3381.4,
  "ask": 3381.6,
  "volume": 1000,
  "status": "READY"
}
[2025-08-19T03:52:48.009Z] [DEBUG] Market data received
{
  "instrument": "CON.F.US.MGC.Z25",
  "price": 3381.5,
  "bid": 3381.4,
  "ask": 3381.6,
  "volume": 1000,
  "status": "READY"
}
[2025-08-19T03:52:48.351Z] [DEBUG] Market data received
{
  "instrument": "CON.F.US.MGC.Z25",
  "price": 3381.55,
  "bid": 3381.5,
  "ask": 3381.6,
  "volume": 1000,
  "status": "READY"
}
[2025-08-19T03:52:48.352Z] [DEBUG] Market data received
{
  "instrument": "CON.F.US.MGC.Z25",
  "price": 3381.55,
  "bid": 3381.5,
  "ask": 3381.6,
  "volume": 1000,
  "status": "READY"
}
[2025-08-19T03:52:50.251Z] [DEBUG] Market data received
{
  "instrument": "CON.F.US.MGC.Z25",
  "price": 3381.5,
  "bid": 3381.4,
  "ask": 3381.6,
  "volume": 1000,
  "status": "READY"
}
[2025-08-19T03:52:50.251Z] [DEBUG] Market data received
{
  "instrument": "CON.F.US.MGC.Z25",
  "price": 3381.5,
  "bid": 3381.4,
  "ask": 3381.6,
  "volume": 1000,
  "status": "READY"
}
[2025-08-19T03:52:51.504Z] [DEBUG] Market data received
{
  "instrument": "CON.F.US.MGC.Z25",
  "price": 3381.6,
  "volume": 1,
  "status": "READY"
}
[2025-08-19T03:52:51.505Z] [DEBUG] Market data received
{
  "instrument": "CON.F.US.MGC.Z25",
  "price": 3381.6,
  "volume": 1,
  "status": "READY"
}
[2025-08-19T03:52:51.505Z] [DEBUG] Market data received
{
  "instrument": "CON.F.US.MGC.Z25",
  "price": 3381.5,
  "bid": 3381.4,
  "ask": 3381.6,
  "volume": 1000,
  "status": "READY"
}
[2025-08-19T03:52:51.505Z] [DEBUG] Market data received
{
  "instrument": "CON.F.US.MGC.Z25",
  "price": 3381.5,
  "bid": 3381.4,
  "ask": 3381.6,
  "volume": 1000,
  "status": "READY"
}
[2025-08-19T03:52:51.854Z] [DEBUG] Market data received
{
  "instrument": "CON.F.US.MGC.Z25",
  "price": 3381.4,
  "volume": 1,
  "status": "READY"
}
[2025-08-19T03:52:51.854Z] [DEBUG] Market data received
{
  "instrument": "CON.F.US.MGC.Z25",
  "price": 3381.4,
  "volume": 1,
  "status": "READY"
}
[2025-08-19T03:52:52.352Z] [DEBUG] Market data received
{
  "instrument": "CON.F.US.MGC.Z25",
  "price": 3381.4,
  "bid": 3381.3,
  "ask": 3381.5,
  "volume": 1000,
  "status": "READY"
}
[2025-08-19T03:52:52.352Z] [DEBUG] Market data received
{
  "instrument": "CON.F.US.MGC.Z25",
  "price": 3381.4,
  "bid": 3381.3,
  "ask": 3381.5,
  "volume": 1000,
  "status": "READY"
}
[2025-08-19T03:52:52.355Z] [DEBUG] Market data received
{
  "instrument": "CON.F.US.MGC.Z25",
  "price": 3381.5,
  "volume": 1,
  "status": "READY"
}
[2025-08-19T03:52:52.356Z] [DEBUG] Market data received
{
  "instrument": "CON.F.US.MGC.Z25",
  "price": 3381.5,
  "volume": 1,
  "status": "READY"
}
[2025-08-19T03:52:53.203Z] [DEBUG] Market data received
{
  "instrument": "CON.F.US.MGC.Z25",
  "price": 3381.3,
  "bid": 3381.2,
  "ask": 3381.4,
  "volume": 1000,
  "status": "READY"
}
[2025-08-19T03:52:53.203Z] [DEBUG] Market data received
{
  "instrument": "CON.F.US.MGC.Z25",
  "price": 3381.3,
  "bid": 3381.2,
  "ask": 3381.4,
  "volume": 1000,
  "status": "READY"
}
[2025-08-19T03:52:53.255Z] [DEBUG] Market data received
{
  "instrument": "CON.F.US.MGC.Z25",
  "price": 3381.3,
  "volume": 1,
  "status": "READY"
}
[2025-08-19T03:52:53.255Z] [DEBUG] Market data received
{
  "instrument": "CON.F.US.MGC.Z25",
  "price": 3381.3,
  "volume": 1,
  "status": "READY"
}
[2025-08-19T03:52:53.353Z] [DEBUG] Market data received
{
  "instrument": "CON.F.US.MGC.Z25",
  "price": 3381.4,
  "bid": 3381.3,
  "ask": 3381.5,
  "volume": 1000,
  "status": "READY"
}
[2025-08-19T03:52:53.353Z] [DEBUG] Market data received
{
  "instrument": "CON.F.US.MGC.Z25",
  "price": 3381.4,
  "bid": 3381.3,
  "ask": 3381.5,
  "volume": 1000,
  "status": "READY"
}
[2025-08-19T03:52:53.750Z] [DEBUG] Market data received
{
  "instrument": "CON.F.US.MGC.Z25",
  "price": 3381.3,
  "bid": 3381.2,
  "ask": 3381.4,
  "volume": 1000,
  "status": "READY"
}
[2025-08-19T03:52:53.751Z] [DEBUG] Market data received
{
  "instrument": "CON.F.US.MGC.Z25",
  "price": 3381.3,
  "bid": 3381.2,
  "ask": 3381.4,
  "volume": 1000,
  "status": "READY"
}
[2025-08-19T03:52:54.252Z] [DEBUG] Market data received
{
  "instrument": "CON.F.US.MGC.Z25",
  "price": 3381.4,
  "bid": 3381.3,
  "ask": 3381.5,
  "volume": 1000,
  "status": "READY"
}
[2025-08-19T03:52:54.253Z] [DEBUG] Market data received
{
  "instrument": "CON.F.US.MGC.Z25",
  "price": 3381.4,
  "bid": 3381.3,
  "ask": 3381.5,
  "volume": 1000,
  "status": "READY"
}
[2025-08-19T03:52:54.552Z] [DEBUG] Market data received
{
  "instrument": "CON.F.US.MGC.Z25",
  "price": 3381.3,
  "bid": 3381.2,
  "ask": 3381.4,
  "volume": 1000,
  "status": "READY"
}
[2025-08-19T03:52:54.553Z] [DEBUG] Market data received
{
  "instrument": "CON.F.US.MGC.Z25",
  "price": 3381.3,
  "bid": 3381.2,
  "ask": 3381.4,
  "volume": 1000,
  "status": "READY"
}
[2025-08-19T03:52:55.603Z] [DEBUG] Market data received
{
  "instrument": "CON.F.US.MGC.Z25",
  "price": 3381.4,
  "bid": 3381.3,
  "ask": 3381.5,
  "volume": 1000,
  "status": "READY"
}
[2025-08-19T03:52:55.604Z] [DEBUG] Market data received
{
  "instrument": "CON.F.US.MGC.Z25",
  "price": 3381.4,
  "bid": 3381.3,
  "ask": 3381.5,
  "volume": 1000,
  "status": "READY"
}
[2025-08-19T03:52:55.652Z] [DEBUG] Market data received
{
  "instrument": "CON.F.US.MGC.Z25",
  "price": 3381.3,
  "bid": 3381.2,
  "ask": 3381.4,
  "volume": 1000,
  "status": "READY"
}
[2025-08-19T03:52:55.652Z] [DEBUG] Market data received
{
  "instrument": "CON.F.US.MGC.Z25",
  "price": 3381.3,
  "bid": 3381.2,
  "ask": 3381.4,
  "volume": 1000,
  "status": "READY"
}
[2025-08-19T03:52:56.250Z] [DEBUG] Market data received
{
  "instrument": "CON.F.US.MGC.Z25",
  "price": 3381.4,
  "bid": 3381.3,
  "ask": 3381.5,
  "volume": 1000,
  "status": "READY"
}
[2025-08-19T03:52:56.251Z] [DEBUG] Market data received
{
  "instrument": "CON.F.US.MGC.Z25",
  "price": 3381.4,
  "bid": 3381.3,
  "ask": 3381.5,
  "volume": 1000,
  "status": "READY"
}
[2025-08-19T03:52:56.304Z] [DEBUG] Market data received
{
  "instrument": "CON.F.US.MGC.Z25",
  "price": 3381.3,
  "bid": 3381.2,
  "ask": 3381.4,
  "volume": 1000,
  "status": "READY"
}
[2025-08-19T03:52:56.304Z] [DEBUG] Market data received
{
  "instrument": "CON.F.US.MGC.Z25",
  "price": 3381.3,
  "bid": 3381.2,
  "ask": 3381.4,
  "volume": 1000,
  "status": "READY"
}
[2025-08-19T03:52:59.252Z] [DEBUG] Market data received
{
  "instrument": "CON.F.US.MGC.Z25",
  "price": 3381.3500000000004,
  "bid": 3381.3,
  "ask": 3381.4,
  "volume": 1000,
  "status": "READY"
}
[2025-08-19T03:52:59.252Z] [DEBUG] Market data received
{
  "instrument": "CON.F.US.MGC.Z25",
  "price": 3381.3500000000004,
  "bid": 3381.3,
  "ask": 3381.4,
  "volume": 1000,
  "status": "READY"
}
[2025-08-19T03:52:59.304Z] [DEBUG] Market data received
{
  "instrument": "CON.F.US.MGC.Z25",
  "price": 3381.4,
  "bid": 3381.3,
  "ask": 3381.5,
  "volume": 1000,
  "status": "READY"
}
[2025-08-19T03:52:59.304Z] [DEBUG] Market data received
{
  "instrument": "CON.F.US.MGC.Z25",
  "price": 3381.4,
  "bid": 3381.3,
  "ask": 3381.5,
  "volume": 1000,
  "status": "READY"
}
[2025-08-19T03:53:01.402Z] [DEBUG] Market data received
{
  "instrument": "CON.F.US.MGC.Z25",
  "price": 3381.5,
  "bid": 3381.4,
  "ask": 3381.6,
  "volume": 1000,
  "status": "READY"
}
[2025-08-19T03:53:01.403Z] [DEBUG] Market data received
{
  "instrument": "CON.F.US.MGC.Z25",
  "price": 3381.5,
  "bid": 3381.4,
  "ask": 3381.6,
  "volume": 1000,
  "status": "READY"
}
[2025-08-19T03:53:02.655Z] [DEBUG] Market data received
{
  "instrument": "CON.F.US.MGC.Z25",
  "price": 3381.6,
  "volume": 1,
  "status": "READY"
}
[2025-08-19T03:53:02.655Z] [DEBUG] Market data received
{
  "instrument": "CON.F.US.MGC.Z25",
  "price": 3381.6,
  "volume": 1,
  "status": "READY"
}
[2025-08-19T03:53:04.302Z] [DEBUG] Market data received
{
  "instrument": "CON.F.US.MGC.Z25",
  "price": 3381.4,
  "bid": 3381.3,
  "ask": 3381.5,
  "volume": 1000,
  "status": "READY"
}
[2025-08-19T03:53:04.303Z] [DEBUG] Market data received
{
  "instrument": "CON.F.US.MGC.Z25",
  "price": 3381.4,
  "bid": 3381.3,
  "ask": 3381.5,
  "volume": 1000,
  "status": "READY"
}
[2025-08-19T03:53:04.351Z] [DEBUG] Market data received
{
  "instrument": "CON.F.US.MGC.Z25",
  "price": 3381.3,
  "bid": 3381.2,
  "ask": 3381.4,
  "volume": 1000,
  "status": "READY"
}
[2025-08-19T03:53:04.351Z] [DEBUG] Market data received
{
  "instrument": "CON.F.US.MGC.Z25",
  "price": 3381.3,
  "bid": 3381.2,
  "ask": 3381.4,
  "volume": 1000,
  "status": "READY"
}
[2025-08-19T03:53:04.650Z] [DEBUG] Market data received
{
  "instrument": "CON.F.US.MGC.Z25",
  "price": 3381.4,
  "bid": 3381.3,
  "ask": 3381.5,
  "volume": 1000,
  "status": "READY"
}
[2025-08-19T03:53:04.651Z] [DEBUG] Market data received
{
  "instrument": "CON.F.US.MGC.Z25",
  "price": 3381.4,
  "bid": 3381.3,
  "ask": 3381.5,
  "volume": 1000,
  "status": "READY"
}
[2025-08-19T03:53:06.150Z] [DEBUG] Market data received
{
  "instrument": "CON.F.US.MGC.Z25",
  "price": 3381.3,
  "bid": 3381.2,
  "ask": 3381.4,
  "volume": 1000,
  "status": "READY"
}
[2025-08-19T03:53:06.151Z] [DEBUG] Market data received
{
  "instrument": "CON.F.US.MGC.Z25",
  "price": 3381.3,
  "bid": 3381.2,
  "ask": 3381.4,
  "volume": 1000,
  "status": "READY"
}
[2025-08-19T03:53:07.604Z] [DEBUG] Market data received
{
  "instrument": "CON.F.US.MGC.Z25",
  "price": 3381.3500000000004,
  "bid": 3381.3,
  "ask": 3381.4,
  "volume": 1000,
  "status": "READY"
}
[2025-08-19T03:53:07.605Z] [DEBUG] Market data received
{
  "instrument": "CON.F.US.MGC.Z25",
  "price": 3381.3500000000004,
  "bid": 3381.3,
  "ask": 3381.4,
  "volume": 1000,
  "status": "READY"
}
[2025-08-19T03:53:08.002Z] [DEBUG] Market data received
{
  "instrument": "CON.F.US.MGC.Z25",
  "price": 3381.3,
  "volume": 1,
  "status": "READY"
}
[2025-08-19T03:53:08.002Z] [DEBUG] Market data received
{
  "instrument": "CON.F.US.MGC.Z25",
  "price": 3381.3,
  "volume": 1,
  "status": "READY"
}
[2025-08-19T03:53:08.003Z] [DEBUG] Market data received
{
  "instrument": "CON.F.US.MGC.Z25",
  "price": 3381.2,
  "bid": 3381.1,
  "ask": 3381.3,
  "volume": 1000,
  "status": "READY"
}
[2025-08-19T03:53:08.003Z] [DEBUG] Market data received
{
  "instrument": "CON.F.US.MGC.Z25",
  "price": 3381.2,
  "bid": 3381.1,
  "ask": 3381.3,
  "volume": 1000,
  "status": "READY"
}
[2025-08-19T03:53:08.602Z] [DEBUG] Market data received
{
  "instrument": "CON.F.US.MGC.Z25",
  "price": 3381.2,
  "bid": 3381.1,
  "ask": 3381.3,
  "volume": 1000,
  "status": "READY"
}
[2025-08-19T03:53:08.603Z] [DEBUG] Market data received
{
  "instrument": "CON.F.US.MGC.Z25",
  "price": 3381.2,
  "bid": 3381.1,
  "ask": 3381.3,
  "volume": 1000,
  "status": "READY"
}
[2025-08-19T03:53:08.951Z] [DEBUG] Market data received
{
  "instrument": "CON.F.US.MGC.Z25",
  "price": 3381.2,
  "bid": 3381.1,
  "ask": 3381.3,
  "volume": 1000,
  "status": "READY"
}
[2025-08-19T03:53:08.952Z] [DEBUG] Market data received
{
  "instrument": "CON.F.US.MGC.Z25",
  "price": 3381.2,
  "bid": 3381.1,
  "ask": 3381.3,
  "volume": 1000,
  "status": "READY"
}
[2025-08-19T03:53:12.201Z] [DEBUG] Market data received
{
  "instrument": "CON.F.US.MGC.Z25",
  "price": 3381.3,
  "bid": 3381.2,
  "ask": 3381.4,
  "volume": 1000,
  "status": "READY"
}
[2025-08-19T03:53:12.202Z] [DEBUG] Market data received
{
  "instrument": "CON.F.US.MGC.Z25",
  "price": 3381.3,
  "bid": 3381.2,
  "ask": 3381.4,
  "volume": 1000,
  "status": "READY"
}
[2025-08-19T03:53:14.602Z] [DEBUG] Market data received
{
  "instrument": "CON.F.US.MGC.Z25",
  "price": 3381.3500000000004,
  "bid": 3381.3,
  "ask": 3381.4,
  "volume": 1000,
  "status": "READY"
}
[2025-08-19T03:53:14.603Z] [DEBUG] Market data received
{
  "instrument": "CON.F.US.MGC.Z25",
  "price": 3381.3500000000004,
  "bid": 3381.3,
  "ask": 3381.4,
  "volume": 1000,
  "status": "READY"
}
[2025-08-19T03:53:16.503Z] [DEBUG] Market data received
{
  "instrument": "CON.F.US.MGC.Z25",
  "price": 3381.3,
  "bid": 3381.2,
  "ask": 3381.4,
  "volume": 1000,
  "status": "READY"
}
[2025-08-19T03:53:16.504Z] [DEBUG] Market data received
{
  "instrument": "CON.F.US.MGC.Z25",
  "price": 3381.3,
  "bid": 3381.2,
  "ask": 3381.4,
  "volume": 1000,
  "status": "READY"
}
[2025-08-19T03:53:16.552Z] [DEBUG] Market data received
{
  "instrument": "CON.F.US.MGC.Z25",
  "price": 3381.45,
  "bid": 3381.4,
  "ask": 3381.5,
  "volume": 1000,
  "status": "READY"
}
[2025-08-19T03:53:16.552Z] [DEBUG] Market data received
{
  "instrument": "CON.F.US.MGC.Z25",
  "price": 3381.45,
  "bid": 3381.4,
  "ask": 3381.5,
  "volume": 1000,
  "status": "READY"
}
[2025-08-19T03:53:17.004Z] [DEBUG] Market data received
{
  "instrument": "CON.F.US.MGC.Z25",
  "price": 3381.5,
  "bid": 3381.4,
  "ask": 3381.6,
  "volume": 1000,
  "status": "READY"
}
[2025-08-19T03:53:17.004Z] [DEBUG] Market data received
{
  "instrument": "CON.F.US.MGC.Z25",
  "price": 3381.5,
  "bid": 3381.4,
  "ask": 3381.6,
  "volume": 1000,
  "status": "READY"
}
[2025-08-19T03:53:17.154Z] [DEBUG] Market data received
{
  "instrument": "CON.F.US.MGC.Z25",
  "price": 3381.5,
  "volume": 1,
  "status": "READY"
}
[2025-08-19T03:53:17.154Z] [DEBUG] Market data received
{
  "instrument": "CON.F.US.MGC.Z25",
  "price": 3381.5,
  "volume": 1,
  "status": "READY"
}
[2025-08-19T03:53:17.352Z] [DEBUG] Market data received
{
  "instrument": "CON.F.US.MGC.Z25",
  "price": 3381.45,
  "bid": 3381.4,
  "ask": 3381.5,
  "volume": 1000,
  "status": "READY"
}
[2025-08-19T03:53:17.352Z] [DEBUG] Market data received
{
  "instrument": "CON.F.US.MGC.Z25",
  "price": 3381.45,
  "bid": 3381.4,
  "ask": 3381.5,
  "volume": 1000,
  "status": "READY"
}
[2025-08-19T03:53:18.803Z] [DEBUG] Market data received
{
  "instrument": "CON.F.US.MGC.Z25",
  "price": 3381.5,
  "bid": 3381.4,
  "ask": 3381.6,
  "volume": 1000,
  "status": "READY"
}
[2025-08-19T03:53:18.804Z] [DEBUG] Market data received
{
  "instrument": "CON.F.US.MGC.Z25",
  "price": 3381.5,
  "bid": 3381.4,
  "ask": 3381.6,
  "volume": 1000,
  "status": "READY"
}
[2025-08-19T03:53:19.303Z] [DEBUG] Market data received
{
  "instrument": "CON.F.US.MGC.Z25",
  "price": 3381.6,
  "volume": 1,
  "status": "READY"
}
[2025-08-19T03:53:19.303Z] [DEBUG] Market data received
{
  "instrument": "CON.F.US.MGC.Z25",
  "price": 3381.6,
  "volume": 1,
  "status": "READY"
}
[2025-08-19T03:53:21.503Z] [DEBUG] Market data received
{
  "instrument": "CON.F.US.MGC.Z25",
  "price": 3381.5,
  "volume": 1,
  "status": "READY"
}
[2025-08-19T03:53:21.504Z] [DEBUG] Market data received
{
  "instrument": "CON.F.US.MGC.Z25",
  "price": 3381.5,
  "volume": 1,
  "status": "READY"
}
[2025-08-19T03:53:21.504Z] [DEBUG] Market data received
{
  "instrument": "CON.F.US.MGC.Z25",
  "price": 3381.5,
  "bid": 3381.4,
  "ask": 3381.6,
  "volume": 1000,
  "status": "READY"
}
[2025-08-19T03:53:21.504Z] [DEBUG] Market data received
{
  "instrument": "CON.F.US.MGC.Z25",
  "price": 3381.5,
  "bid": 3381.4,
  "ask": 3381.6,
  "volume": 1000,
  "status": "READY"
}
[2025-08-19T03:53:22.254Z] [DEBUG] Market data received
{
  "instrument": "CON.F.US.MGC.Z25",
  "price": 3381.4,
  "volume": 1,
  "status": "READY"
}
[2025-08-19T03:53:22.254Z] [DEBUG] Market data received
{
  "instrument": "CON.F.US.MGC.Z25",
  "price": 3381.4,
  "volume": 1,
  "status": "READY"
}
[2025-08-19T03:53:22.404Z] [DEBUG] Market data received
{
  "instrument": "CON.F.US.MGC.Z25",
  "price": 3381.3500000000004,
  "bid": 3381.3,
  "ask": 3381.4,
  "volume": 1000,
  "status": "READY"
}
[2025-08-19T03:53:22.404Z] [DEBUG] Market data received
{
  "instrument": "CON.F.US.MGC.Z25",
  "price": 3381.3500000000004,
  "bid": 3381.3,
  "ask": 3381.4,
  "volume": 1000,
  "status": "READY"
}
[2025-08-19T03:53:22.404Z] [DEBUG] Market data received
{
  "instrument": "CON.F.US.MGC.Z25",
  "price": 3381.4,
  "volume": 1,
  "status": "READY"
}
[2025-08-19T03:53:22.404Z] [DEBUG] Market data received
{
  "instrument": "CON.F.US.MGC.Z25",
  "price": 3381.4,
  "volume": 1,
  "status": "READY"
}
[2025-08-19T03:53:22.405Z] [DEBUG] Market data received
{
  "instrument": "CON.F.US.MGC.Z25",
  "price": 3381.4,
  "volume": 2,
  "status": "READY"
}
[2025-08-19T03:53:22.405Z] [DEBUG] Market data received
{
  "instrument": "CON.F.US.MGC.Z25",
  "price": 3381.4,
  "volume": 2,
  "status": "READY"
}
[2025-08-19T03:53:22.451Z] [DEBUG] Market data received
{
  "instrument": "CON.F.US.MGC.Z25",
  "price": 3381.3,
  "bid": 3381.2,
  "ask": 3381.4,
  "volume": 1000,
  "status": "READY"
}
[2025-08-19T03:53:22.451Z] [DEBUG] Market data received
{
  "instrument": "CON.F.US.MGC.Z25",
  "price": 3381.3,
  "bid": 3381.2,
  "ask": 3381.4,
  "volume": 1000,
  "status": "READY"
}
[2025-08-19T03:53:24.303Z] [DEBUG] Market data received
{
  "instrument": "CON.F.US.MGC.Z25",
  "price": 3381.4,
  "volume": 1,
  "status": "READY"
}
[2025-08-19T03:53:24.303Z] [DEBUG] Market data received
{
  "instrument": "CON.F.US.MGC.Z25",
  "price": 3381.4,
  "volume": 1,
  "status": "READY"
}
[2025-08-19T03:53:24.803Z] [DEBUG] Market data received
{
  "instrument": "CON.F.US.MGC.Z25",
  "price": 3381.2,
  "volume": 1,
  "status": "READY"
}
[2025-08-19T03:53:24.803Z] [DEBUG] Market data received
{
  "instrument": "CON.F.US.MGC.Z25",
  "price": 3381.2,
  "volume": 1,
  "status": "READY"
}
[2025-08-19T03:53:24.803Z] [DEBUG] Market data received
{
  "instrument": "CON.F.US.MGC.Z25",
  "price": 3381.2,
  "bid": 3381.1,
  "ask": 3381.3,
  "volume": 1000,
  "status": "READY"
}
[2025-08-19T03:53:24.804Z] [DEBUG] Market data received
{
  "instrument": "CON.F.US.MGC.Z25",
  "price": 3381.2,
  "bid": 3381.1,
  "ask": 3381.3,
  "volume": 1000,
  "status": "READY"
}
[2025-08-19T03:53:25.350Z] [DEBUG] Market data received
{
  "instrument": "CON.F.US.MGC.Z25",
  "price": 3381.2,
  "bid": 3381.1,
  "ask": 3381.3,
  "volume": 1000,
  "status": "READY"
}
[2025-08-19T03:53:25.350Z] [DEBUG] Market data received
{
  "instrument": "CON.F.US.MGC.Z25",
  "price": 3381.2,
  "bid": 3381.1,
  "ask": 3381.3,
  "volume": 1000,
  "status": "READY"
}
[2025-08-19T03:53:25.354Z] [DEBUG] Market data received
{
  "instrument": "CON.F.US.MGC.Z25",
  "price": 3381.3,
  "volume": 1,
  "status": "READY"
}
[2025-08-19T03:53:25.354Z] [DEBUG] Market data received
{
  "instrument": "CON.F.US.MGC.Z25",
  "price": 3381.3,
  "volume": 1,
  "status": "READY"
}
[2025-08-19T03:53:25.755Z] [DEBUG] Market data received
{
  "instrument": "CON.F.US.MGC.Z25",
  "price": 3381.3,
  "volume": 1,
  "status": "READY"
}
[2025-08-19T03:53:25.755Z] [DEBUG] Market data received
{
  "instrument": "CON.F.US.MGC.Z25",
  "price": 3381.3,
  "volume": 1,
  "status": "READY"
}
[2025-08-19T03:53:28.151Z] [DEBUG] Market data received
{
  "instrument": "CON.F.US.MGC.Z25",
  "price": 3381.1,
  "bid": 3381,
  "ask": 3381.2,
  "volume": 1000,
  "status": "READY"
}
[2025-08-19T03:53:28.151Z] [DEBUG] Market data received
{
  "instrument": "CON.F.US.MGC.Z25",
  "price": 3381.1,
  "bid": 3381,
  "ask": 3381.2,
  "volume": 1000,
  "status": "READY"
}
[2025-08-19T03:53:28.188Z] [INFO] TradingBot started
{}
[2025-08-19T03:55:01.946Z] [INFO] Signal generated: SHORT TEST_TIME_STRATEGY
{
  "price": 3381.4,
  "stopLoss": 3386.4,
  "takeProfit": 3376.4,
  "positionSize": 1,
  "dollarRisk": 50,
  "confidence": "TEST",
  "DEBUG_direction": "SHORT",
  "DEBUG_isClosePosition": false
}
[2025-08-19T03:55:01.951Z] [INFO] Order accepted by aggregator
{
  "orderId": "BOT_1_fad9ff06-94c4-431d-970e-aa0ee2dcf493",
  "aggregatorOrderId": "BOT_1_fad9ff06-94c4-431d-970e-aa0ee2dcf493",
  "queueId": "queue_1755575701951"
}
[2025-08-19T03:55:01.951Z] [INFO] Signal submitted to aggregator
{
  "orderId": "BOT_1_fad9ff06-94c4-431d-970e-aa0ee2dcf493",
  "success": true,
  "aggregatorOrderId": "BOT_1_fad9ff06-94c4-431d-970e-aa0ee2dcf493"
}
[2025-08-19T03:58:02.183Z] [INFO] Signal generated: CLOSE_POSITION TEST_TIME_STRATEGY
{
  "positionSize": 1,
  "confidence": "TEST",
  "DEBUG_direction": "CLOSE_POSITION",
  "DEBUG_isClosePosition": true
}
[2025-08-19T03:58:02.183Z] [INFO] Processing CLOSE_POSITION signal
{
  "instrument": "MGC",
  "closeType": "full",
  "reason": "Test strategy: Time-based closure after 3 minutes"
}
[2025-08-19T03:58:02.583Z] [INFO] Signal submitted to aggregator
{
  "success": true
}
[2025-08-19T03:59:59.630Z] [INFO] Signal generated: SHORT TEST_TIME_STRATEGY
{
  "price": 3381.4,
  "stopLoss": 3386.4,
  "takeProfit": 3376.4,
  "positionSize": 1,
  "dollarRisk": 50,
  "confidence": "TEST",
  "DEBUG_direction": "SHORT",
  "DEBUG_isClosePosition": false
}
[2025-08-19T03:59:59.632Z] [INFO] Order accepted by aggregator
{
  "orderId": "BOT_1_803c5935-9d53-4138-ad0c-0dba492afb2d",
  "aggregatorOrderId": "BOT_1_803c5935-9d53-4138-ad0c-0dba492afb2d",
  "queueId": "queue_1755575999632"
}
[2025-08-19T03:59:59.632Z] [INFO] Signal submitted to aggregator
{
  "orderId": "BOT_1_803c5935-9d53-4138-ad0c-0dba492afb2d",
  "success": true,
  "aggregatorOrderId": "BOT_1_803c5935-9d53-4138-ad0c-0dba492afb2d"
}
[2025-08-19T04:02:59.667Z] [INFO] Signal generated: CLOSE_POSITION TEST_TIME_STRATEGY
{
  "positionSize": 1,
  "confidence": "TEST",
  "DEBUG_direction": "CLOSE_POSITION",
  "DEBUG_isClosePosition": true
}
[2025-08-19T04:02:59.667Z] [INFO] Processing CLOSE_POSITION signal
{
  "instrument": "MGC",
  "closeType": "full",
  "reason": "Test strategy: Time-based closure after 3 minutes"
}
[2025-08-19T04:03:00.077Z] [INFO] Signal submitted to aggregator
{
  "success": true
}
[2025-08-19T04:29:59.848Z] [WARN] Aggregator disconnected
{
  "reason": "Client shutdown"
}
[2025-08-19T04:29:59.848Z] [INFO] TradingBot stopped
{}
[2025-08-19T04:30:02.641Z] [INFO] TradingBot started
{}
[2025-08-19T04:47:46.067Z] [WARN] Aggregator disconnected
{
  "reason": "Client shutdown"
}
[2025-08-19T04:47:46.067Z] [INFO] TradingBot stopped
{}
[2025-08-19T04:47:55.168Z] [INFO] TradingBot started
{}
