
================================================================================
TradingBot_BOT_1 Log File
Started: 2025-08-19T17:16:35.946Z
================================================================================

[2025-08-19T17:16:35.946Z] [INFO] TradingBot TradingBot_BOT_1 configuration loaded
{
  "botId": "BOT_1",
  "instrument": "F.US.MGC",
  "strategyType": "TEST_TIME_STRATEGY",
  "testMode": false,
  "enabled": true
}
[2025-08-19T17:16:35.947Z] [INFO] Risk manager initialized
{
  "maxDailyLoss": 800,
  "maxDailyProfit": 600,
  "maxOpenPositions": 1,
  "dollarRiskPerTrade": 50
}
[2025-08-19T17:16:35.980Z] [INFO] Strategy TEST_TIME_STRATEGY loaded successfully
{
  "config": {
    "intervalMinutes": 5,
    "tradeDurationMinutes": 3,
    "candleLookbackMinutes": 1,
    "dollarRiskPerTrade": 50,
    "maxRiskPoints": 3,
    "riskRewardRatio": 1,
    "positionSize": 1,
    "dollarPerPoint": 10,
    "enableLogging": true
  }
}
[2025-08-19T17:16:36.234Z] [INFO] Aggregator client connected successfully
{}
[2025-08-19T17:16:36.234Z] [INFO] Initializing live market data connection
{
  "instrument": "F.US.MGC",
  "aggregatorEnabled": true
}
[2025-08-19T17:16:36.234Z] [INFO] Live trading mode - subscribing to market data feed
{
  "instrument": "F.US.MGC",
  "note": "Market data will be received from Connection Manager via aggregator"
}
[2025-08-19T17:16:36.234Z] [INFO] Subscribed to live market data feed via aggregator
{}
[2025-08-19T17:16:36.234Z] [INFO] TradingBot initialized successfully
{
  "botId": "BOT_1",
  "strategy": "loaded",
  "aggregator": "connected",
  "riskManager": "active"
}
[2025-08-19T17:16:36.409Z] [DEBUG] Market data received
{
  "instrument": "CON.F.US.MGC.Z25",
  "price": 3361.7,
  "bid": 3361.6,
  "ask": 3361.8,
  "volume": 1000,
  "status": "READY"
}
[2025-08-19T17:16:36.410Z] [DEBUG] Market data received
{
  "instrument": "CON.F.US.MGC.Z25",
  "price": 3361.7,
  "bid": 3361.6,
  "ask": 3361.8,
  "volume": 1000,
  "status": "READY"
}
[2025-08-19T17:16:36.558Z] [DEBUG] Market data received
{
  "instrument": "CON.F.US.MGC.Z25",
  "price": 3361.6499999999996,
  "bid": 3361.6,
  "ask": 3361.7,
  "volume": 1000,
  "status": "READY"
}
[2025-08-19T17:16:36.559Z] [DEBUG] Market data received
{
  "instrument": "CON.F.US.MGC.Z25",
  "price": 3361.6499999999996,
  "bid": 3361.6,
  "ask": 3361.7,
  "volume": 1000,
  "status": "READY"
}
[2025-08-19T17:16:36.957Z] [DEBUG] Market data received
{
  "instrument": "CON.F.US.MGC.Z25",
  "price": 3361.6,
  "volume": 1,
  "status": "READY"
}
[2025-08-19T17:16:36.957Z] [DEBUG] Market data received
{
  "instrument": "CON.F.US.MGC.Z25",
  "price": 3361.6,
  "volume": 1,
  "status": "READY"
}
[2025-08-19T17:16:36.957Z] [DEBUG] Market data received
{
  "instrument": "CON.F.US.MGC.Z25",
  "price": 3361.5,
  "volume": 1,
  "status": "READY"
}
[2025-08-19T17:16:36.957Z] [DEBUG] Market data received
{
  "instrument": "CON.F.US.MGC.Z25",
  "price": 3361.5,
  "volume": 1,
  "status": "READY"
}
[2025-08-19T17:16:36.958Z] [DEBUG] Market data received
{
  "instrument": "CON.F.US.MGC.Z25",
  "price": 3361.6,
  "bid": 3361.5,
  "ask": 3361.7,
  "volume": 1000,
  "status": "READY"
}
[2025-08-19T17:16:36.958Z] [DEBUG] Market data received
{
  "instrument": "CON.F.US.MGC.Z25",
  "price": 3361.6,
  "bid": 3361.5,
  "ask": 3361.7,
  "volume": 1000,
  "status": "READY"
}
[2025-08-19T17:16:37.070Z] [DEBUG] Market data received
{
  "instrument": "CON.F.US.MGC.Z25",
  "price": 3361.6,
  "bid": 3361.5,
  "ask": 3361.7,
  "volume": 1000,
  "status": "READY"
}
[2025-08-19T17:16:37.071Z] [DEBUG] Market data received
{
  "instrument": "CON.F.US.MGC.Z25",
  "price": 3361.6,
  "bid": 3361.5,
  "ask": 3361.7,
  "volume": 1000,
  "status": "READY"
}
[2025-08-19T17:16:37.209Z] [DEBUG] Market data received
{
  "instrument": "CON.F.US.MGC.Z25",
  "price": 3361.7,
  "bid": 3361.6,
  "ask": 3361.8,
  "volume": 1000,
  "status": "READY"
}
[2025-08-19T17:16:37.209Z] [DEBUG] Market data received
{
  "instrument": "CON.F.US.MGC.Z25",
  "price": 3361.7,
  "bid": 3361.6,
  "ask": 3361.8,
  "volume": 1000,
  "status": "READY"
}
[2025-08-19T17:16:38.911Z] [DEBUG] Market data received
{
  "instrument": "CON.F.US.MGC.Z25",
  "price": 3361.7,
  "bid": 3361.6,
  "ask": 3361.8,
  "volume": 1000,
  "status": "READY"
}
[2025-08-19T17:16:38.911Z] [DEBUG] Market data received
{
  "instrument": "CON.F.US.MGC.Z25",
  "price": 3361.7,
  "bid": 3361.6,
  "ask": 3361.8,
  "volume": 1000,
  "status": "READY"
}
[2025-08-19T17:16:45.959Z] [DEBUG] Market data received
{
  "instrument": "CON.F.US.MGC.Z25",
  "price": 3361.7,
  "bid": 3361.6,
  "ask": 3361.8,
  "volume": 1000,
  "status": "READY"
}
[2025-08-19T17:16:45.959Z] [DEBUG] Market data received
{
  "instrument": "CON.F.US.MGC.Z25",
  "price": 3361.7,
  "bid": 3361.6,
  "ask": 3361.8,
  "volume": 1000,
  "status": "READY"
}
[2025-08-19T17:16:46.157Z] [DEBUG] Market data received
{
  "instrument": "CON.F.US.MGC.Z25",
  "price": 3361.75,
  "bid": 3361.7,
  "ask": 3361.8,
  "volume": 1000,
  "status": "READY"
}
[2025-08-19T17:16:46.158Z] [DEBUG] Market data received
{
  "instrument": "CON.F.US.MGC.Z25",
  "price": 3361.75,
  "bid": 3361.7,
  "ask": 3361.8,
  "volume": 1000,
  "status": "READY"
}
[2025-08-19T17:16:48.009Z] [DEBUG] Market data received
{
  "instrument": "CON.F.US.MGC.Z25",
  "price": 3361.8,
  "volume": 1,
  "status": "READY"
}
[2025-08-19T17:16:48.009Z] [DEBUG] Market data received
{
  "instrument": "CON.F.US.MGC.Z25",
  "price": 3361.8,
  "volume": 1,
  "status": "READY"
}
[2025-08-19T17:16:49.009Z] [DEBUG] Market data received
{
  "instrument": "CON.F.US.MGC.Z25",
  "price": 3361.75,
  "bid": 3361.7,
  "ask": 3361.8,
  "volume": 1000,
  "status": "READY"
}
[2025-08-19T17:16:49.009Z] [DEBUG] Market data received
{
  "instrument": "CON.F.US.MGC.Z25",
  "price": 3361.75,
  "bid": 3361.7,
  "ask": 3361.8,
  "volume": 1000,
  "status": "READY"
}
[2025-08-19T17:16:49.108Z] [DEBUG] Market data received
{
  "instrument": "CON.F.US.MGC.Z25",
  "price": 3361.75,
  "bid": 3361.7,
  "ask": 3361.8,
  "volume": 1000,
  "status": "READY"
}
[2025-08-19T17:16:49.108Z] [DEBUG] Market data received
{
  "instrument": "CON.F.US.MGC.Z25",
  "price": 3361.75,
  "bid": 3361.7,
  "ask": 3361.8,
  "volume": 1000,
  "status": "READY"
}
[2025-08-19T17:16:49.258Z] [DEBUG] Market data received
{
  "instrument": "CON.F.US.MGC.Z25",
  "price": 3361.7,
  "bid": 3361.6,
  "ask": 3361.8,
  "volume": 1000,
  "status": "READY"
}
[2025-08-19T17:16:49.258Z] [DEBUG] Market data received
{
  "instrument": "CON.F.US.MGC.Z25",
  "price": 3361.7,
  "bid": 3361.6,
  "ask": 3361.8,
  "volume": 1000,
  "status": "READY"
}
[2025-08-19T17:16:49.808Z] [DEBUG] Market data received
{
  "instrument": "CON.F.US.MGC.Z25",
  "price": 3361.75,
  "bid": 3361.7,
  "ask": 3361.8,
  "volume": 1000,
  "status": "READY"
}
[2025-08-19T17:16:49.808Z] [DEBUG] Market data received
{
  "instrument": "CON.F.US.MGC.Z25",
  "price": 3361.75,
  "bid": 3361.7,
  "ask": 3361.8,
  "volume": 1000,
  "status": "READY"
}
[2025-08-19T17:16:51.507Z] [DEBUG] Market data received
{
  "instrument": "CON.F.US.MGC.Z25",
  "price": 3361.8,
  "volume": 1,
  "status": "READY"
}
[2025-08-19T17:16:51.507Z] [DEBUG] Market data received
{
  "instrument": "CON.F.US.MGC.Z25",
  "price": 3361.8,
  "volume": 1,
  "status": "READY"
}
[2025-08-19T17:16:51.507Z] [DEBUG] Market data received
{
  "instrument": "CON.F.US.MGC.Z25",
  "price": 3361.8,
  "bid": 3361.7,
  "ask": 3361.9,
  "volume": 1000,
  "status": "READY"
}
[2025-08-19T17:16:51.508Z] [DEBUG] Market data received
{
  "instrument": "CON.F.US.MGC.Z25",
  "price": 3361.8,
  "bid": 3361.7,
  "ask": 3361.9,
  "volume": 1000,
  "status": "READY"
}
[2025-08-19T17:16:56.604Z] [DEBUG] Market data received
{
  "instrument": "CON.F.US.MGC.Z25",
  "price": 3361.75,
  "bid": 3361.7,
  "ask": 3361.8,
  "volume": 1000,
  "status": "READY"
}
[2025-08-19T17:16:56.604Z] [DEBUG] Market data received
{
  "instrument": "CON.F.US.MGC.Z25",
  "price": 3361.75,
  "bid": 3361.7,
  "ask": 3361.8,
  "volume": 1000,
  "status": "READY"
}
[2025-08-19T17:16:56.803Z] [DEBUG] Market data received
{
  "instrument": "CON.F.US.MGC.Z25",
  "price": 3361.7,
  "bid": 3361.6,
  "ask": 3361.8,
  "volume": 1000,
  "status": "READY"
}
[2025-08-19T17:16:56.804Z] [DEBUG] Market data received
{
  "instrument": "CON.F.US.MGC.Z25",
  "price": 3361.7,
  "bid": 3361.6,
  "ask": 3361.8,
  "volume": 1000,
  "status": "READY"
}
[2025-08-19T17:16:57.504Z] [DEBUG] Market data received
{
  "instrument": "CON.F.US.MGC.Z25",
  "price": 3361.7,
  "bid": 3361.6,
  "ask": 3361.8,
  "volume": 1000,
  "status": "READY"
}
[2025-08-19T17:16:57.505Z] [DEBUG] Market data received
{
  "instrument": "CON.F.US.MGC.Z25",
  "price": 3361.7,
  "bid": 3361.6,
  "ask": 3361.8,
  "volume": 1000,
  "status": "READY"
}
[2025-08-19T17:16:57.505Z] [DEBUG] Market data received
{
  "instrument": "CON.F.US.MGC.Z25",
  "price": 3361.7,
  "volume": 1,
  "status": "READY"
}
[2025-08-19T17:16:57.505Z] [DEBUG] Market data received
{
  "instrument": "CON.F.US.MGC.Z25",
  "price": 3361.7,
  "volume": 1,
  "status": "READY"
}
[2025-08-19T17:16:58.271Z] [DEBUG] Market data received
{
  "instrument": "CON.F.US.MGC.Z25",
  "price": 3361.8,
  "bid": 3361.7,
  "ask": 3361.9,
  "volume": 1000,
  "status": "READY"
}
[2025-08-19T17:16:58.271Z] [DEBUG] Market data received
{
  "instrument": "CON.F.US.MGC.Z25",
  "price": 3361.8,
  "bid": 3361.7,
  "ask": 3361.9,
  "volume": 1000,
  "status": "READY"
}
[2025-08-19T17:16:58.271Z] [DEBUG] Market data received
{
  "instrument": "CON.F.US.MGC.Z25",
  "price": 3361.8,
  "volume": 1,
  "status": "READY"
}
[2025-08-19T17:16:58.271Z] [DEBUG] Market data received
{
  "instrument": "CON.F.US.MGC.Z25",
  "price": 3361.8,
  "volume": 1,
  "status": "READY"
}
[2025-08-19T17:16:58.306Z] [DEBUG] Market data received
{
  "instrument": "CON.F.US.MGC.Z25",
  "price": 3361.7,
  "bid": 3361.6,
  "ask": 3361.8,
  "volume": 1000,
  "status": "READY"
}
[2025-08-19T17:16:58.306Z] [DEBUG] Market data received
{
  "instrument": "CON.F.US.MGC.Z25",
  "price": 3361.7,
  "bid": 3361.6,
  "ask": 3361.8,
  "volume": 1000,
  "status": "READY"
}
[2025-08-19T17:16:58.462Z] [DEBUG] Market data received
{
  "instrument": "CON.F.US.MGC.Z25",
  "price": 3361.8,
  "bid": 3361.7,
  "ask": 3361.9,
  "volume": 1000,
  "status": "READY"
}
[2025-08-19T17:16:58.462Z] [DEBUG] Market data received
{
  "instrument": "CON.F.US.MGC.Z25",
  "price": 3361.8,
  "bid": 3361.7,
  "ask": 3361.9,
  "volume": 1000,
  "status": "READY"
}
[2025-08-19T17:17:04.105Z] [DEBUG] Market data received
{
  "instrument": "CON.F.US.MGC.Z25",
  "price": 3361.8500000000004,
  "bid": 3361.8,
  "ask": 3361.9,
  "volume": 1000,
  "status": "READY"
}
[2025-08-19T17:17:04.105Z] [DEBUG] Market data received
{
  "instrument": "CON.F.US.MGC.Z25",
  "price": 3361.8500000000004,
  "bid": 3361.8,
  "ask": 3361.9,
  "volume": 1000,
  "status": "READY"
}
[2025-08-19T17:17:04.355Z] [DEBUG] Market data received
{
  "instrument": "CON.F.US.MGC.Z25",
  "price": 3361.9,
  "bid": 3361.8,
  "ask": 3362,
  "volume": 1000,
  "status": "READY"
}
[2025-08-19T17:17:04.355Z] [DEBUG] Market data received
{
  "instrument": "CON.F.US.MGC.Z25",
  "price": 3361.9,
  "bid": 3361.8,
  "ask": 3362,
  "volume": 1000,
  "status": "READY"
}
[2025-08-19T17:17:05.504Z] [DEBUG] Market data received
{
  "instrument": "CON.F.US.MGC.Z25",
  "price": 3362,
  "volume": 1,
  "status": "READY"
}
[2025-08-19T17:17:05.504Z] [DEBUG] Market data received
{
  "instrument": "CON.F.US.MGC.Z25",
  "price": 3362,
  "volume": 1,
  "status": "READY"
}
[2025-08-19T17:17:05.504Z] [DEBUG] Market data received
{
  "instrument": "CON.F.US.MGC.Z25",
  "price": 3362,
  "volume": 5,
  "status": "READY"
}
[2025-08-19T17:17:05.504Z] [DEBUG] Market data received
{
  "instrument": "CON.F.US.MGC.Z25",
  "price": 3362,
  "volume": 5,
  "status": "READY"
}
[2025-08-19T17:17:05.504Z] [DEBUG] Market data received
{
  "instrument": "CON.F.US.MGC.Z25",
  "price": 3362,
  "volume": 1,
  "status": "READY"
}
[2025-08-19T17:17:05.504Z] [DEBUG] Market data received
{
  "instrument": "CON.F.US.MGC.Z25",
  "price": 3362,
  "volume": 1,
  "status": "READY"
}
[2025-08-19T17:17:05.504Z] [DEBUG] Market data received
{
  "instrument": "CON.F.US.MGC.Z25",
  "price": 3362.05,
  "bid": 3362,
  "ask": 3362.1,
  "volume": 1000,
  "status": "READY"
}
[2025-08-19T17:17:05.505Z] [DEBUG] Market data received
{
  "instrument": "CON.F.US.MGC.Z25",
  "price": 3362.05,
  "bid": 3362,
  "ask": 3362.1,
  "volume": 1000,
  "status": "READY"
}
[2025-08-19T17:17:05.703Z] [DEBUG] Market data received
{
  "instrument": "CON.F.US.MGC.Z25",
  "price": 3362,
  "bid": 3361.9,
  "ask": 3362.1,
  "volume": 1000,
  "status": "READY"
}
[2025-08-19T17:17:05.703Z] [DEBUG] Market data received
{
  "instrument": "CON.F.US.MGC.Z25",
  "price": 3362,
  "bid": 3361.9,
  "ask": 3362.1,
  "volume": 1000,
  "status": "READY"
}
[2025-08-19T17:17:06.204Z] [DEBUG] Market data received
{
  "instrument": "CON.F.US.MGC.Z25",
  "price": 3362.1,
  "volume": 1,
  "status": "READY"
}
[2025-08-19T17:17:06.204Z] [DEBUG] Market data received
{
  "instrument": "CON.F.US.MGC.Z25",
  "price": 3362.1,
  "volume": 1,
  "status": "READY"
}
[2025-08-19T17:17:06.204Z] [DEBUG] Market data received
{
  "instrument": "CON.F.US.MGC.Z25",
  "price": 3362.2,
  "volume": 1,
  "status": "READY"
}
[2025-08-19T17:17:06.204Z] [DEBUG] Market data received
{
  "instrument": "CON.F.US.MGC.Z25",
  "price": 3362.2,
  "volume": 1,
  "status": "READY"
}
[2025-08-19T17:17:06.507Z] [DEBUG] Market data received
{
  "instrument": "CON.F.US.MGC.Z25",
  "price": 3362,
  "bid": 3361.9,
  "ask": 3362.1,
  "volume": 1000,
  "status": "READY"
}
[2025-08-19T17:17:06.508Z] [DEBUG] Market data received
{
  "instrument": "CON.F.US.MGC.Z25",
  "price": 3362,
  "bid": 3361.9,
  "ask": 3362.1,
  "volume": 1000,
  "status": "READY"
}
[2025-08-19T17:17:06.656Z] [DEBUG] Market data received
{
  "instrument": "CON.F.US.MGC.Z25",
  "price": 3362.05,
  "bid": 3362,
  "ask": 3362.1,
  "volume": 1000,
  "status": "READY"
}
[2025-08-19T17:17:06.656Z] [DEBUG] Market data received
{
  "instrument": "CON.F.US.MGC.Z25",
  "price": 3362.05,
  "bid": 3362,
  "ask": 3362.1,
  "volume": 1000,
  "status": "READY"
}
[2025-08-19T17:17:07.005Z] [DEBUG] Market data received
{
  "instrument": "CON.F.US.MGC.Z25",
  "price": 3362,
  "bid": 3361.9,
  "ask": 3362.1,
  "volume": 1000,
  "status": "READY"
}
[2025-08-19T17:17:07.005Z] [DEBUG] Market data received
{
  "instrument": "CON.F.US.MGC.Z25",
  "price": 3362,
  "bid": 3361.9,
  "ask": 3362.1,
  "volume": 1000,
  "status": "READY"
}
[2025-08-19T17:17:07.604Z] [DEBUG] Market data received
{
  "instrument": "CON.F.US.MGC.Z25",
  "price": 3361.9,
  "volume": 1,
  "status": "READY"
}
[2025-08-19T17:17:07.604Z] [DEBUG] Market data received
{
  "instrument": "CON.F.US.MGC.Z25",
  "price": 3361.9,
  "volume": 1,
  "status": "READY"
}
[2025-08-19T17:17:07.606Z] [DEBUG] Market data received
{
  "instrument": "CON.F.US.MGC.Z25",
  "price": 3361.9,
  "bid": 3361.8,
  "ask": 3362,
  "volume": 1000,
  "status": "READY"
}
[2025-08-19T17:17:07.606Z] [DEBUG] Market data received
{
  "instrument": "CON.F.US.MGC.Z25",
  "price": 3361.9,
  "bid": 3361.8,
  "ask": 3362,
  "volume": 1000,
  "status": "READY"
}
[2025-08-19T17:17:08.956Z] [DEBUG] Market data received
{
  "instrument": "CON.F.US.MGC.Z25",
  "price": 3362,
  "volume": 1,
  "status": "READY"
}
[2025-08-19T17:17:08.957Z] [DEBUG] Market data received
{
  "instrument": "CON.F.US.MGC.Z25",
  "price": 3362,
  "volume": 1,
  "status": "READY"
}
[2025-08-19T17:17:08.963Z] [DEBUG] Market data received
{
  "instrument": "CON.F.US.MGC.Z25",
  "price": 3362,
  "bid": 3361.9,
  "ask": 3362.1,
  "volume": 1000,
  "status": "READY"
}
[2025-08-19T17:17:08.964Z] [DEBUG] Market data received
{
  "instrument": "CON.F.US.MGC.Z25",
  "price": 3362,
  "bid": 3361.9,
  "ask": 3362.1,
  "volume": 1000,
  "status": "READY"
}
[2025-08-19T17:17:09.055Z] [DEBUG] Market data received
{
  "instrument": "CON.F.US.MGC.Z25",
  "price": 3361.9,
  "bid": 3361.8,
  "ask": 3362,
  "volume": 1000,
  "status": "READY"
}
[2025-08-19T17:17:09.055Z] [DEBUG] Market data received
{
  "instrument": "CON.F.US.MGC.Z25",
  "price": 3361.9,
  "bid": 3361.8,
  "ask": 3362,
  "volume": 1000,
  "status": "READY"
}
[2025-08-19T17:17:09.814Z] [DEBUG] Market data received
{
  "instrument": "CON.F.US.MGC.Z25",
  "price": 3361.9,
  "bid": 3361.8,
  "ask": 3362,
  "volume": 1000,
  "status": "READY"
}
[2025-08-19T17:17:09.814Z] [DEBUG] Market data received
{
  "instrument": "CON.F.US.MGC.Z25",
  "price": 3361.9,
  "bid": 3361.8,
  "ask": 3362,
  "volume": 1000,
  "status": "READY"
}
[2025-08-19T17:17:12.055Z] [DEBUG] Market data received
{
  "instrument": "CON.F.US.MGC.Z25",
  "price": 3361.95,
  "bid": 3361.9,
  "ask": 3362,
  "volume": 1000,
  "status": "READY"
}
[2025-08-19T17:17:12.055Z] [DEBUG] Market data received
{
  "instrument": "CON.F.US.MGC.Z25",
  "price": 3361.95,
  "bid": 3361.9,
  "ask": 3362,
  "volume": 1000,
  "status": "READY"
}
[2025-08-19T17:17:13.605Z] [DEBUG] Market data received
{
  "instrument": "CON.F.US.MGC.Z25",
  "price": 3361.8,
  "bid": 3361.7,
  "ask": 3361.9,
  "volume": 1000,
  "status": "READY"
}
[2025-08-19T17:17:13.605Z] [DEBUG] Market data received
{
  "instrument": "CON.F.US.MGC.Z25",
  "price": 3361.8,
  "bid": 3361.7,
  "ask": 3361.9,
  "volume": 1000,
  "status": "READY"
}
[2025-08-19T17:17:13.654Z] [DEBUG] Market data received
{
  "instrument": "CON.F.US.MGC.Z25",
  "price": 3361.8,
  "volume": 1,
  "status": "READY"
}
[2025-08-19T17:17:13.654Z] [DEBUG] Market data received
{
  "instrument": "CON.F.US.MGC.Z25",
  "price": 3361.8,
  "volume": 1,
  "status": "READY"
}
[2025-08-19T17:17:14.555Z] [DEBUG] Market data received
{
  "instrument": "CON.F.US.MGC.Z25",
  "price": 3361.9,
  "volume": 1,
  "status": "READY"
}
[2025-08-19T17:17:14.555Z] [DEBUG] Market data received
{
  "instrument": "CON.F.US.MGC.Z25",
  "price": 3361.9,
  "volume": 1,
  "status": "READY"
}
[2025-08-19T17:17:15.605Z] [DEBUG] Market data received
{
  "instrument": "CON.F.US.MGC.Z25",
  "price": 3361.8,
  "bid": 3361.7,
  "ask": 3361.9,
  "volume": 1000,
  "status": "READY"
}
[2025-08-19T17:17:15.606Z] [DEBUG] Market data received
{
  "instrument": "CON.F.US.MGC.Z25",
  "price": 3361.8,
  "bid": 3361.7,
  "ask": 3361.9,
  "volume": 1000,
  "status": "READY"
}
[2025-08-19T17:17:16.403Z] [DEBUG] Market data received
{
  "instrument": "CON.F.US.MGC.Z25",
  "price": 3361.9,
  "volume": 1,
  "status": "READY"
}
[2025-08-19T17:17:16.403Z] [DEBUG] Market data received
{
  "instrument": "CON.F.US.MGC.Z25",
  "price": 3361.9,
  "volume": 1,
  "status": "READY"
}
[2025-08-19T17:17:16.403Z] [DEBUG] Market data received
{
  "instrument": "CON.F.US.MGC.Z25",
  "price": 3362,
  "volume": 1,
  "status": "READY"
}
[2025-08-19T17:17:16.403Z] [DEBUG] Market data received
{
  "instrument": "CON.F.US.MGC.Z25",
  "price": 3362,
  "volume": 1,
  "status": "READY"
}
[2025-08-19T17:17:17.673Z] [DEBUG] Market data received
{
  "instrument": "CON.F.US.MGC.Z25",
  "price": 3361.8,
  "bid": 3361.7,
  "ask": 3361.9,
  "volume": 1000,
  "status": "READY"
}
[2025-08-19T17:17:17.673Z] [DEBUG] Market data received
{
  "instrument": "CON.F.US.MGC.Z25",
  "price": 3361.8,
  "bid": 3361.7,
  "ask": 3361.9,
  "volume": 1000,
  "status": "READY"
}
[2025-08-19T17:17:19.054Z] [DEBUG] Market data received
{
  "instrument": "CON.F.US.MGC.Z25",
  "price": 3361.8500000000004,
  "bid": 3361.8,
  "ask": 3361.9,
  "volume": 1000,
  "status": "READY"
}
[2025-08-19T17:17:19.055Z] [DEBUG] Market data received
{
  "instrument": "CON.F.US.MGC.Z25",
  "price": 3361.8500000000004,
  "bid": 3361.8,
  "ask": 3361.9,
  "volume": 1000,
  "status": "READY"
}
[2025-08-19T17:17:19.556Z] [DEBUG] Market data received
{
  "instrument": "CON.F.US.MGC.Z25",
  "price": 3361.8,
  "volume": 1,
  "status": "READY"
}
[2025-08-19T17:17:19.556Z] [DEBUG] Market data received
{
  "instrument": "CON.F.US.MGC.Z25",
  "price": 3361.8,
  "volume": 1,
  "status": "READY"
}
[2025-08-19T17:17:20.855Z] [DEBUG] Market data received
{
  "instrument": "CON.F.US.MGC.Z25",
  "price": 3361.8,
  "bid": 3361.7,
  "ask": 3361.9,
  "volume": 1000,
  "status": "READY"
}
[2025-08-19T17:17:20.855Z] [DEBUG] Market data received
{
  "instrument": "CON.F.US.MGC.Z25",
  "price": 3361.8,
  "bid": 3361.7,
  "ask": 3361.9,
  "volume": 1000,
  "status": "READY"
}
[2025-08-19T17:17:20.855Z] [DEBUG] Market data received
{
  "instrument": "CON.F.US.MGC.Z25",
  "price": 3361.8,
  "volume": 1,
  "status": "READY"
}
[2025-08-19T17:17:20.855Z] [DEBUG] Market data received
{
  "instrument": "CON.F.US.MGC.Z25",
  "price": 3361.8,
  "volume": 1,
  "status": "READY"
}
[2025-08-19T17:17:23.104Z] [DEBUG] Market data received
{
  "instrument": "CON.F.US.MGC.Z25",
  "price": 3361.8500000000004,
  "bid": 3361.8,
  "ask": 3361.9,
  "volume": 1000,
  "status": "READY"
}
[2025-08-19T17:17:23.104Z] [DEBUG] Market data received
{
  "instrument": "CON.F.US.MGC.Z25",
  "price": 3361.8500000000004,
  "bid": 3361.8,
  "ask": 3361.9,
  "volume": 1000,
  "status": "READY"
}
[2025-08-19T17:17:23.601Z] [DEBUG] Market data received
{
  "instrument": "CON.F.US.MGC.Z25",
  "price": 3361.8,
  "volume": 1,
  "status": "READY"
}
[2025-08-19T17:17:23.602Z] [DEBUG] Market data received
{
  "instrument": "CON.F.US.MGC.Z25",
  "price": 3361.8,
  "volume": 1,
  "status": "READY"
}
[2025-08-19T17:17:24.903Z] [DEBUG] Market data received
{
  "instrument": "CON.F.US.MGC.Z25",
  "price": 3362,
  "bid": 3361.9,
  "ask": 3362.1,
  "volume": 1000,
  "status": "READY"
}
[2025-08-19T17:17:24.903Z] [DEBUG] Market data received
{
  "instrument": "CON.F.US.MGC.Z25",
  "price": 3362,
  "bid": 3361.9,
  "ask": 3362.1,
  "volume": 1000,
  "status": "READY"
}
[2025-08-19T17:17:24.903Z] [DEBUG] Market data received
{
  "instrument": "CON.F.US.MGC.Z25",
  "price": 3362,
  "volume": 1,
  "status": "READY"
}
[2025-08-19T17:17:24.903Z] [DEBUG] Market data received
{
  "instrument": "CON.F.US.MGC.Z25",
  "price": 3362,
  "volume": 1,
  "status": "READY"
}
[2025-08-19T17:17:25.203Z] [DEBUG] Market data received
{
  "instrument": "CON.F.US.MGC.Z25",
  "price": 3361.9,
  "volume": 1,
  "status": "READY"
}
[2025-08-19T17:17:25.203Z] [DEBUG] Market data received
{
  "instrument": "CON.F.US.MGC.Z25",
  "price": 3361.9,
  "volume": 1,
  "status": "READY"
}
[2025-08-19T17:17:26.056Z] [DEBUG] Market data received
{
  "instrument": "CON.F.US.MGC.Z25",
  "price": 3362.05,
  "bid": 3362,
  "ask": 3362.1,
  "volume": 1000,
  "status": "READY"
}
[2025-08-19T17:17:26.056Z] [DEBUG] Market data received
{
  "instrument": "CON.F.US.MGC.Z25",
  "price": 3362.05,
  "bid": 3362,
  "ask": 3362.1,
  "volume": 1000,
  "status": "READY"
}
[2025-08-19T17:17:27.503Z] [DEBUG] Market data received
{
  "instrument": "CON.F.US.MGC.Z25",
  "price": 3362.05,
  "bid": 3362,
  "ask": 3362.1,
  "volume": 1000,
  "status": "READY"
}
[2025-08-19T17:17:27.503Z] [DEBUG] Market data received
{
  "instrument": "CON.F.US.MGC.Z25",
  "price": 3362.05,
  "bid": 3362,
  "ask": 3362.1,
  "volume": 1000,
  "status": "READY"
}
[2025-08-19T17:17:27.655Z] [DEBUG] Market data received
{
  "instrument": "CON.F.US.MGC.Z25",
  "price": 3362.1,
  "bid": 3362,
  "ask": 3362.2,
  "volume": 1000,
  "status": "READY"
}
[2025-08-19T17:17:27.655Z] [DEBUG] Market data received
{
  "instrument": "CON.F.US.MGC.Z25",
  "price": 3362.1,
  "bid": 3362,
  "ask": 3362.2,
  "volume": 1000,
  "status": "READY"
}
[2025-08-19T17:17:27.655Z] [DEBUG] Market data received
{
  "instrument": "CON.F.US.MGC.Z25",
  "price": 3362.1,
  "volume": 9,
  "status": "READY"
}
[2025-08-19T17:17:27.655Z] [DEBUG] Market data received
{
  "instrument": "CON.F.US.MGC.Z25",
  "price": 3362.1,
  "volume": 9,
  "status": "READY"
}
[2025-08-19T17:17:27.655Z] [DEBUG] Market data received
{
  "instrument": "CON.F.US.MGC.Z25",
  "price": 3362.1,
  "volume": 1,
  "status": "READY"
}
[2025-08-19T17:17:27.655Z] [DEBUG] Market data received
{
  "instrument": "CON.F.US.MGC.Z25",
  "price": 3362.1,
  "volume": 1,
  "status": "READY"
}
[2025-08-19T17:17:28.703Z] [DEBUG] Market data received
{
  "instrument": "CON.F.US.MGC.Z25",
  "price": 3362.1,
  "bid": 3362,
  "ask": 3362.2,
  "volume": 1000,
  "status": "READY"
}
[2025-08-19T17:17:28.703Z] [DEBUG] Market data received
{
  "instrument": "CON.F.US.MGC.Z25",
  "price": 3362.1,
  "bid": 3362,
  "ask": 3362.2,
  "volume": 1000,
  "status": "READY"
}
[2025-08-19T17:17:29.056Z] [DEBUG] Market data received
{
  "instrument": "CON.F.US.MGC.Z25",
  "price": 3362.1,
  "bid": 3362,
  "ask": 3362.2,
  "volume": 1000,
  "status": "READY"
}
[2025-08-19T17:17:29.056Z] [DEBUG] Market data received
{
  "instrument": "CON.F.US.MGC.Z25",
  "price": 3362.1,
  "bid": 3362,
  "ask": 3362.2,
  "volume": 1000,
  "status": "READY"
}
[2025-08-19T17:17:29.104Z] [DEBUG] Market data received
{
  "instrument": "CON.F.US.MGC.Z25",
  "price": 3362.2,
  "volume": 1,
  "status": "READY"
}
[2025-08-19T17:17:29.104Z] [DEBUG] Market data received
{
  "instrument": "CON.F.US.MGC.Z25",
  "price": 3362.2,
  "volume": 1,
  "status": "READY"
}
[2025-08-19T17:17:30.010Z] [DEBUG] Market data received
{
  "instrument": "CON.F.US.MGC.Z25",
  "price": 3362.1499999999996,
  "bid": 3362.1,
  "ask": 3362.2,
  "volume": 1000,
  "status": "READY"
}
[2025-08-19T17:17:30.010Z] [DEBUG] Market data received
{
  "instrument": "CON.F.US.MGC.Z25",
  "price": 3362.1499999999996,
  "bid": 3362.1,
  "ask": 3362.2,
  "volume": 1000,
  "status": "READY"
}
[2025-08-19T17:17:30.154Z] [DEBUG] Market data received
{
  "instrument": "CON.F.US.MGC.Z25",
  "price": 3362.2,
  "volume": 1,
  "status": "READY"
}
[2025-08-19T17:17:30.154Z] [DEBUG] Market data received
{
  "instrument": "CON.F.US.MGC.Z25",
  "price": 3362.2,
  "volume": 1,
  "status": "READY"
}
[2025-08-19T17:17:30.154Z] [DEBUG] Market data received
{
  "instrument": "CON.F.US.MGC.Z25",
  "price": 3362.3,
  "volume": 1,
  "status": "READY"
}
[2025-08-19T17:17:30.154Z] [DEBUG] Market data received
{
  "instrument": "CON.F.US.MGC.Z25",
  "price": 3362.3,
  "volume": 1,
  "status": "READY"
}
[2025-08-19T17:17:30.154Z] [DEBUG] Market data received
{
  "instrument": "CON.F.US.MGC.Z25",
  "price": 3362.4,
  "volume": 1,
  "status": "READY"
}
[2025-08-19T17:17:30.154Z] [DEBUG] Market data received
{
  "instrument": "CON.F.US.MGC.Z25",
  "price": 3362.4,
  "volume": 1,
  "status": "READY"
}
[2025-08-19T17:17:30.154Z] [DEBUG] Market data received
{
  "instrument": "CON.F.US.MGC.Z25",
  "price": 3362.2,
  "bid": 3362.1,
  "ask": 3362.3,
  "volume": 1000,
  "status": "READY"
}
[2025-08-19T17:17:30.154Z] [DEBUG] Market data received
{
  "instrument": "CON.F.US.MGC.Z25",
  "price": 3362.2,
  "bid": 3362.1,
  "ask": 3362.3,
  "volume": 1000,
  "status": "READY"
}
[2025-08-19T17:17:30.306Z] [DEBUG] Market data received
{
  "instrument": "CON.F.US.MGC.Z25",
  "price": 3362.1499999999996,
  "bid": 3362.1,
  "ask": 3362.2,
  "volume": 1000,
  "status": "READY"
}
[2025-08-19T17:17:30.307Z] [DEBUG] Market data received
{
  "instrument": "CON.F.US.MGC.Z25",
  "price": 3362.1499999999996,
  "bid": 3362.1,
  "ask": 3362.2,
  "volume": 1000,
  "status": "READY"
}
[2025-08-19T17:17:30.355Z] [DEBUG] Market data received
{
  "instrument": "CON.F.US.MGC.Z25",
  "price": 3361.9,
  "bid": 3361.8,
  "ask": 3362,
  "volume": 1000,
  "status": "READY"
}
[2025-08-19T17:17:30.355Z] [DEBUG] Market data received
{
  "instrument": "CON.F.US.MGC.Z25",
  "price": 3361.9,
  "bid": 3361.8,
  "ask": 3362,
  "volume": 1000,
  "status": "READY"
}
[2025-08-19T17:17:30.355Z] [DEBUG] Market data received
{
  "instrument": "CON.F.US.MGC.Z25",
  "price": 3362,
  "volume": 1,
  "status": "READY"
}
[2025-08-19T17:17:30.355Z] [DEBUG] Market data received
{
  "instrument": "CON.F.US.MGC.Z25",
  "price": 3362,
  "volume": 1,
  "status": "READY"
}
[2025-08-19T17:17:30.355Z] [DEBUG] Market data received
{
  "instrument": "CON.F.US.MGC.Z25",
  "price": 3361.9,
  "volume": 1,
  "status": "READY"
}
[2025-08-19T17:17:30.355Z] [DEBUG] Market data received
{
  "instrument": "CON.F.US.MGC.Z25",
  "price": 3361.9,
  "volume": 1,
  "status": "READY"
}
[2025-08-19T17:17:30.403Z] [DEBUG] Market data received
{
  "instrument": "CON.F.US.MGC.Z25",
  "price": 3361.8,
  "volume": 1,
  "status": "READY"
}
[2025-08-19T17:17:30.403Z] [DEBUG] Market data received
{
  "instrument": "CON.F.US.MGC.Z25",
  "price": 3361.8,
  "volume": 1,
  "status": "READY"
}
[2025-08-19T17:17:30.403Z] [DEBUG] Market data received
{
  "instrument": "CON.F.US.MGC.Z25",
  "price": 3361.8,
  "bid": 3361.7,
  "ask": 3361.9,
  "volume": 1000,
  "status": "READY"
}
[2025-08-19T17:17:30.403Z] [DEBUG] Market data received
{
  "instrument": "CON.F.US.MGC.Z25",
  "price": 3361.8,
  "bid": 3361.7,
  "ask": 3361.9,
  "volume": 1000,
  "status": "READY"
}
[2025-08-19T17:17:30.503Z] [DEBUG] Market data received
{
  "instrument": "CON.F.US.MGC.Z25",
  "price": 3361.6,
  "bid": 3361.5,
  "ask": 3361.7,
  "volume": 1000,
  "status": "READY"
}
[2025-08-19T17:17:30.503Z] [DEBUG] Market data received
{
  "instrument": "CON.F.US.MGC.Z25",
  "price": 3361.6,
  "bid": 3361.5,
  "ask": 3361.7,
  "volume": 1000,
  "status": "READY"
}
[2025-08-19T17:17:30.503Z] [DEBUG] Market data received
{
  "instrument": "CON.F.US.MGC.Z25",
  "price": 3361.7,
  "volume": 1,
  "status": "READY"
}
[2025-08-19T17:17:30.503Z] [DEBUG] Market data received
{
  "instrument": "CON.F.US.MGC.Z25",
  "price": 3361.7,
  "volume": 1,
  "status": "READY"
}
[2025-08-19T17:17:30.503Z] [DEBUG] Market data received
{
  "instrument": "CON.F.US.MGC.Z25",
  "price": 3361.6,
  "volume": 1,
  "status": "READY"
}
[2025-08-19T17:17:30.503Z] [DEBUG] Market data received
{
  "instrument": "CON.F.US.MGC.Z25",
  "price": 3361.6,
  "volume": 1,
  "status": "READY"
}
[2025-08-19T17:17:30.556Z] [DEBUG] Market data received
{
  "instrument": "CON.F.US.MGC.Z25",
  "price": 3361.5,
  "volume": 1,
  "status": "READY"
}
[2025-08-19T17:17:30.556Z] [DEBUG] Market data received
{
  "instrument": "CON.F.US.MGC.Z25",
  "price": 3361.5,
  "volume": 1,
  "status": "READY"
}
[2025-08-19T17:17:30.556Z] [DEBUG] Market data received
{
  "instrument": "CON.F.US.MGC.Z25",
  "price": 3361.5,
  "volume": 2,
  "status": "READY"
}
[2025-08-19T17:17:30.556Z] [DEBUG] Market data received
{
  "instrument": "CON.F.US.MGC.Z25",
  "price": 3361.5,
  "volume": 2,
  "status": "READY"
}
[2025-08-19T17:17:30.556Z] [DEBUG] Market data received
{
  "instrument": "CON.F.US.MGC.Z25",
  "price": 3361.5,
  "volume": 1,
  "status": "READY"
}
[2025-08-19T17:17:30.556Z] [DEBUG] Market data received
{
  "instrument": "CON.F.US.MGC.Z25",
  "price": 3361.5,
  "volume": 1,
  "status": "READY"
}
[2025-08-19T17:17:30.556Z] [DEBUG] Market data received
{
  "instrument": "CON.F.US.MGC.Z25",
  "price": 3361.45,
  "bid": 3361.4,
  "ask": 3361.5,
  "volume": 1000,
  "status": "READY"
}
[2025-08-19T17:17:30.556Z] [DEBUG] Market data received
{
  "instrument": "CON.F.US.MGC.Z25",
  "price": 3361.45,
  "bid": 3361.4,
  "ask": 3361.5,
  "volume": 1000,
  "status": "READY"
}
[2025-08-19T17:17:30.602Z] [DEBUG] Market data received
{
  "instrument": "CON.F.US.MGC.Z25",
  "price": 3361.4,
  "volume": 4,
  "status": "READY"
}
[2025-08-19T17:17:30.602Z] [DEBUG] Market data received
{
  "instrument": "CON.F.US.MGC.Z25",
  "price": 3361.4,
  "volume": 4,
  "status": "READY"
}
[2025-08-19T17:17:30.602Z] [DEBUG] Market data received
{
  "instrument": "CON.F.US.MGC.Z25",
  "price": 3361.4,
  "volume": 1,
  "status": "READY"
}
[2025-08-19T17:17:30.602Z] [DEBUG] Market data received
{
  "instrument": "CON.F.US.MGC.Z25",
  "price": 3361.4,
  "volume": 1,
  "status": "READY"
}
[2025-08-19T17:17:30.602Z] [DEBUG] Market data received
{
  "instrument": "CON.F.US.MGC.Z25",
  "price": 3361.4,
  "bid": 3361.3,
  "ask": 3361.5,
  "volume": 1000,
  "status": "READY"
}
[2025-08-19T17:17:30.602Z] [DEBUG] Market data received
{
  "instrument": "CON.F.US.MGC.Z25",
  "price": 3361.4,
  "bid": 3361.3,
  "ask": 3361.5,
  "volume": 1000,
  "status": "READY"
}
[2025-08-19T17:17:30.801Z] [DEBUG] Market data received
{
  "instrument": "CON.F.US.MGC.Z25",
  "price": 3361.5,
  "bid": 3361.4,
  "ask": 3361.6,
  "volume": 1000,
  "status": "READY"
}
[2025-08-19T17:17:30.801Z] [DEBUG] Market data received
{
  "instrument": "CON.F.US.MGC.Z25",
  "price": 3361.5,
  "bid": 3361.4,
  "ask": 3361.6,
  "volume": 1000,
  "status": "READY"
}
[2025-08-19T17:17:30.956Z] [DEBUG] Market data received
{
  "instrument": "CON.F.US.MGC.Z25",
  "price": 3361.4,
  "volume": 1,
  "status": "READY"
}
[2025-08-19T17:17:30.956Z] [DEBUG] Market data received
{
  "instrument": "CON.F.US.MGC.Z25",
  "price": 3361.4,
  "volume": 1,
  "status": "READY"
}
[2025-08-19T17:17:30.956Z] [DEBUG] Market data received
{
  "instrument": "CON.F.US.MGC.Z25",
  "price": 3361.5,
  "bid": 3361.4,
  "ask": 3361.6,
  "volume": 1000,
  "status": "READY"
}
[2025-08-19T17:17:30.956Z] [DEBUG] Market data received
{
  "instrument": "CON.F.US.MGC.Z25",
  "price": 3361.5,
  "bid": 3361.4,
  "ask": 3361.6,
  "volume": 1000,
  "status": "READY"
}
[2025-08-19T17:17:31.065Z] [DEBUG] Market data received
{
  "instrument": "CON.F.US.MGC.Z25",
  "price": 3361.4,
  "volume": 1,
  "status": "READY"
}
[2025-08-19T17:17:31.065Z] [DEBUG] Market data received
{
  "instrument": "CON.F.US.MGC.Z25",
  "price": 3361.4,
  "volume": 1,
  "status": "READY"
}
[2025-08-19T17:17:31.354Z] [DEBUG] Market data received
{
  "instrument": "CON.F.US.MGC.Z25",
  "price": 3361.45,
  "bid": 3361.4,
  "ask": 3361.5,
  "volume": 1000,
  "status": "READY"
}
[2025-08-19T17:17:31.355Z] [DEBUG] Market data received
{
  "instrument": "CON.F.US.MGC.Z25",
  "price": 3361.45,
  "bid": 3361.4,
  "ask": 3361.5,
  "volume": 1000,
  "status": "READY"
}
[2025-08-19T17:17:31.409Z] [DEBUG] Market data received
{
  "instrument": "CON.F.US.MGC.Z25",
  "price": 3361.5,
  "bid": 3361.4,
  "ask": 3361.6,
  "volume": 1000,
  "status": "READY"
}
[2025-08-19T17:17:31.409Z] [DEBUG] Market data received
{
  "instrument": "CON.F.US.MGC.Z25",
  "price": 3361.5,
  "bid": 3361.4,
  "ask": 3361.6,
  "volume": 1000,
  "status": "READY"
}
[2025-08-19T17:17:32.005Z] [DEBUG] Market data received
{
  "instrument": "CON.F.US.MGC.Z25",
  "price": 3361.6,
  "bid": 3361.5,
  "ask": 3361.7,
  "volume": 1000,
  "status": "READY"
}
[2025-08-19T17:17:32.005Z] [DEBUG] Market data received
{
  "instrument": "CON.F.US.MGC.Z25",
  "price": 3361.6,
  "bid": 3361.5,
  "ask": 3361.7,
  "volume": 1000,
  "status": "READY"
}
[2025-08-19T17:17:32.802Z] [DEBUG] Market data received
{
  "instrument": "CON.F.US.MGC.Z25",
  "price": 3361.6,
  "bid": 3361.5,
  "ask": 3361.7,
  "volume": 1000,
  "status": "READY"
}
[2025-08-19T17:17:32.802Z] [DEBUG] Market data received
{
  "instrument": "CON.F.US.MGC.Z25",
  "price": 3361.6,
  "bid": 3361.5,
  "ask": 3361.7,
  "volume": 1000,
  "status": "READY"
}
[2025-08-19T17:17:32.854Z] [DEBUG] Market data received
{
  "instrument": "CON.F.US.MGC.Z25",
  "price": 3361.7,
  "bid": 3361.6,
  "ask": 3361.8,
  "volume": 1000,
  "status": "READY"
}
[2025-08-19T17:17:32.854Z] [DEBUG] Market data received
{
  "instrument": "CON.F.US.MGC.Z25",
  "price": 3361.7,
  "bid": 3361.6,
  "ask": 3361.8,
  "volume": 1000,
  "status": "READY"
}
[2025-08-19T17:17:34.854Z] [DEBUG] Market data received
{
  "instrument": "CON.F.US.MGC.Z25",
  "price": 3361.7,
  "bid": 3361.6,
  "ask": 3361.8,
  "volume": 1000,
  "status": "READY"
}
[2025-08-19T17:17:34.854Z] [DEBUG] Market data received
{
  "instrument": "CON.F.US.MGC.Z25",
  "price": 3361.7,
  "bid": 3361.6,
  "ask": 3361.8,
  "volume": 1000,
  "status": "READY"
}
[2025-08-19T17:17:35.602Z] [DEBUG] Market data received
{
  "instrument": "CON.F.US.MGC.Z25",
  "price": 3361.8,
  "volume": 1,
  "status": "READY"
}
[2025-08-19T17:17:35.602Z] [DEBUG] Market data received
{
  "instrument": "CON.F.US.MGC.Z25",
  "price": 3361.8,
  "volume": 1,
  "status": "READY"
}
[2025-08-19T17:17:36.802Z] [DEBUG] Market data received
{
  "instrument": "CON.F.US.MGC.Z25",
  "price": 3361.7,
  "bid": 3361.6,
  "ask": 3361.8,
  "volume": 1000,
  "status": "READY"
}
[2025-08-19T17:17:36.802Z] [DEBUG] Market data received
{
  "instrument": "CON.F.US.MGC.Z25",
  "price": 3361.7,
  "bid": 3361.6,
  "ask": 3361.8,
  "volume": 1000,
  "status": "READY"
}
[2025-08-19T17:17:40.305Z] [DEBUG] Market data received
{
  "instrument": "CON.F.US.MGC.Z25",
  "price": 3361.6,
  "bid": 3361.5,
  "ask": 3361.7,
  "volume": 1000,
  "status": "READY"
}
[2025-08-19T17:17:40.305Z] [DEBUG] Market data received
{
  "instrument": "CON.F.US.MGC.Z25",
  "price": 3361.6,
  "bid": 3361.5,
  "ask": 3361.7,
  "volume": 1000,
  "status": "READY"
}
[2025-08-19T17:17:40.401Z] [DEBUG] Market data received
{
  "instrument": "CON.F.US.MGC.Z25",
  "price": 3361.7,
  "bid": 3361.6,
  "ask": 3361.8,
  "volume": 1000,
  "status": "READY"
}
[2025-08-19T17:17:40.402Z] [DEBUG] Market data received
{
  "instrument": "CON.F.US.MGC.Z25",
  "price": 3361.7,
  "bid": 3361.6,
  "ask": 3361.8,
  "volume": 1000,
  "status": "READY"
}
[2025-08-19T17:17:41.853Z] [DEBUG] Market data received
{
  "instrument": "CON.F.US.MGC.Z25",
  "price": 3361.7,
  "bid": 3361.6,
  "ask": 3361.8,
  "volume": 1000,
  "status": "READY"
}
[2025-08-19T17:17:41.854Z] [DEBUG] Market data received
{
  "instrument": "CON.F.US.MGC.Z25",
  "price": 3361.7,
  "bid": 3361.6,
  "ask": 3361.8,
  "volume": 1000,
  "status": "READY"
}
[2025-08-19T17:17:46.570Z] [DEBUG] Market data received
{
  "instrument": "CON.F.US.MGC.Z25",
  "price": 3361.6499999999996,
  "bid": 3361.6,
  "ask": 3361.7,
  "volume": 1000,
  "status": "READY"
}
[2025-08-19T17:17:46.570Z] [DEBUG] Market data received
{
  "instrument": "CON.F.US.MGC.Z25",
  "price": 3361.6499999999996,
  "bid": 3361.6,
  "ask": 3361.7,
  "volume": 1000,
  "status": "READY"
}
[2025-08-19T17:17:46.607Z] [DEBUG] Market data received
{
  "instrument": "CON.F.US.MGC.Z25",
  "price": 3361.6,
  "bid": 3361.5,
  "ask": 3361.7,
  "volume": 1000,
  "status": "READY"
}
[2025-08-19T17:17:46.607Z] [DEBUG] Market data received
{
  "instrument": "CON.F.US.MGC.Z25",
  "price": 3361.6,
  "bid": 3361.5,
  "ask": 3361.7,
  "volume": 1000,
  "status": "READY"
}
[2025-08-19T17:17:48.553Z] [DEBUG] Market data received
{
  "instrument": "CON.F.US.MGC.Z25",
  "price": 3361.7,
  "bid": 3361.6,
  "ask": 3361.8,
  "volume": 1000,
  "status": "READY"
}
[2025-08-19T17:17:48.553Z] [DEBUG] Market data received
{
  "instrument": "CON.F.US.MGC.Z25",
  "price": 3361.7,
  "bid": 3361.6,
  "ask": 3361.8,
  "volume": 1000,
  "status": "READY"
}
[2025-08-19T17:17:48.853Z] [DEBUG] Market data received
{
  "instrument": "CON.F.US.MGC.Z25",
  "price": 3361.6,
  "bid": 3361.5,
  "ask": 3361.7,
  "volume": 1000,
  "status": "READY"
}
[2025-08-19T17:17:48.853Z] [DEBUG] Market data received
{
  "instrument": "CON.F.US.MGC.Z25",
  "price": 3361.6,
  "bid": 3361.5,
  "ask": 3361.7,
  "volume": 1000,
  "status": "READY"
}
[2025-08-19T17:17:50.052Z] [DEBUG] Market data received
{
  "instrument": "CON.F.US.MGC.Z25",
  "price": 3361.6,
  "bid": 3361.5,
  "ask": 3361.7,
  "volume": 1000,
  "status": "READY"
}
[2025-08-19T17:17:50.052Z] [DEBUG] Market data received
{
  "instrument": "CON.F.US.MGC.Z25",
  "price": 3361.6,
  "bid": 3361.5,
  "ask": 3361.7,
  "volume": 1000,
  "status": "READY"
}
[2025-08-19T17:17:51.563Z] [DEBUG] Market data received
{
  "instrument": "CON.F.US.MGC.Z25",
  "price": 3361.5,
  "bid": 3361.4,
  "ask": 3361.6,
  "volume": 1000,
  "status": "READY"
}
[2025-08-19T17:17:51.563Z] [DEBUG] Market data received
{
  "instrument": "CON.F.US.MGC.Z25",
  "price": 3361.5,
  "bid": 3361.4,
  "ask": 3361.6,
  "volume": 1000,
  "status": "READY"
}
[2025-08-19T17:17:51.604Z] [DEBUG] Market data received
{
  "instrument": "CON.F.US.MGC.Z25",
  "price": 3361.6,
  "bid": 3361.5,
  "ask": 3361.7,
  "volume": 1000,
  "status": "READY"
}
[2025-08-19T17:17:51.604Z] [DEBUG] Market data received
{
  "instrument": "CON.F.US.MGC.Z25",
  "price": 3361.6,
  "bid": 3361.5,
  "ask": 3361.7,
  "volume": 1000,
  "status": "READY"
}
[2025-08-19T17:17:51.702Z] [DEBUG] Market data received
{
  "instrument": "CON.F.US.MGC.Z25",
  "price": 3361.5,
  "bid": 3361.4,
  "ask": 3361.6,
  "volume": 1000,
  "status": "READY"
}
[2025-08-19T17:17:51.702Z] [DEBUG] Market data received
{
  "instrument": "CON.F.US.MGC.Z25",
  "price": 3361.5,
  "bid": 3361.4,
  "ask": 3361.6,
  "volume": 1000,
  "status": "READY"
}
[2025-08-19T17:17:51.802Z] [DEBUG] Market data received
{
  "instrument": "CON.F.US.MGC.Z25",
  "price": 3361.55,
  "bid": 3361.5,
  "ask": 3361.6,
  "volume": 1000,
  "status": "READY"
}
[2025-08-19T17:17:51.802Z] [DEBUG] Market data received
{
  "instrument": "CON.F.US.MGC.Z25",
  "price": 3361.55,
  "bid": 3361.5,
  "ask": 3361.6,
  "volume": 1000,
  "status": "READY"
}
[2025-08-19T17:17:52.701Z] [DEBUG] Market data received
{
  "instrument": "CON.F.US.MGC.Z25",
  "price": 3361.5,
  "bid": 3361.4,
  "ask": 3361.6,
  "volume": 1000,
  "status": "READY"
}
[2025-08-19T17:17:52.701Z] [DEBUG] Market data received
{
  "instrument": "CON.F.US.MGC.Z25",
  "price": 3361.5,
  "bid": 3361.4,
  "ask": 3361.6,
  "volume": 1000,
  "status": "READY"
}
[2025-08-19T17:17:54.505Z] [DEBUG] Market data received
{
  "instrument": "CON.F.US.MGC.Z25",
  "price": 3361.6,
  "bid": 3361.5,
  "ask": 3361.7,
  "volume": 1000,
  "status": "READY"
}
[2025-08-19T17:17:54.506Z] [DEBUG] Market data received
{
  "instrument": "CON.F.US.MGC.Z25",
  "price": 3361.6,
  "bid": 3361.5,
  "ask": 3361.7,
  "volume": 1000,
  "status": "READY"
}
[2025-08-19T17:17:54.509Z] [DEBUG] Market data received
{
  "instrument": "CON.F.US.MGC.Z25",
  "price": 3361.6,
  "volume": 1,
  "status": "READY"
}
[2025-08-19T17:17:54.509Z] [DEBUG] Market data received
{
  "instrument": "CON.F.US.MGC.Z25",
  "price": 3361.6,
  "volume": 1,
  "status": "READY"
}
[2025-08-19T17:17:55.668Z] [INFO] TradingBot started
{}
[2025-08-19T17:20:00.099Z] [INFO] Signal generated: LONG TEST_TIME_STRATEGY
{
  "price": 3360.6,
  "stopLoss": 3355.6,
  "takeProfit": 3365.6,
  "positionSize": 1,
  "dollarRisk": 50,
  "confidence": "TEST",
  "DEBUG_direction": "LONG",
  "DEBUG_isClosePosition": false
}
[2025-08-19T17:20:00.105Z] [INFO] Order accepted by aggregator
{
  "orderId": "BOT_1_5995d876-c701-480c-81ef-b04ee906f869",
  "aggregatorOrderId": "BOT_1_5995d876-c701-480c-81ef-b04ee906f869",
  "queueId": "queue_1755624000105"
}
[2025-08-19T17:20:00.105Z] [INFO] Signal submitted to aggregator
{
  "orderId": "BOT_1_5995d876-c701-480c-81ef-b04ee906f869",
  "success": true,
  "aggregatorOrderId": "BOT_1_5995d876-c701-480c-81ef-b04ee906f869"
}
[2025-08-19T17:23:00.636Z] [INFO] Signal generated: CLOSE_POSITION TEST_TIME_STRATEGY
{
  "positionSize": 1,
  "confidence": "TEST",
  "DEBUG_direction": "CLOSE_POSITION",
  "DEBUG_isClosePosition": true
}
[2025-08-19T17:23:00.636Z] [INFO] Processing CLOSE_POSITION signal
{
  "instrument": "MGC",
  "closeType": "full",
  "reason": "Test strategy: Time-based closure after 3 minutes"
}
[2025-08-19T17:23:01.065Z] [INFO] Signal submitted to aggregator
{
  "success": true
}
[2025-08-19T17:24:32.524Z] [WARN] Aggregator disconnected
{
  "reason": "Client shutdown"
}
[2025-08-19T17:24:32.524Z] [INFO] TradingBot stopped
{}
