
================================================================================
TradingBot_BOT_1 Log File
Started: 2025-08-19T06:38:02.120Z
================================================================================

[2025-08-19T06:38:02.120Z] [INFO] TradingBot TradingBot_BOT_1 configuration loaded
{
  "botId": "BOT_1",
  "instrument": "F.US.MGC",
  "strategyType": "TEST_TIME_STRATEGY",
  "testMode": false,
  "enabled": true
}
[2025-08-19T06:38:02.121Z] [INFO] Risk manager initialized
{
  "maxDailyLoss": 800,
  "maxDailyProfit": 600,
  "maxOpenPositions": 1,
  "dollarRiskPerTrade": 50
}
[2025-08-19T06:38:02.146Z] [INFO] Strategy TEST_TIME_STRATEGY loaded successfully
{
  "config": {
    "intervalMinutes": 5,
    "tradeDurationMinutes": 3,
    "candleLookbackMinutes": 1,
    "dollarRiskPerTrade": 50,
    "maxRiskPoints": 3,
    "riskRewardRatio": 1,
    "positionSize": 1,
    "dollarPerPoint": 10,
    "enableLogging": true
  }
}
[2025-08-19T06:38:02.210Z] [INFO] Aggregator client connected successfully
{}
[2025-08-19T06:38:02.211Z] [INFO] Initializing live market data connection
{
  "instrument": "F.US.MGC",
  "aggregatorEnabled": true
}
[2025-08-19T06:38:02.211Z] [INFO] Live trading mode - subscribing to market data feed
{
  "instrument": "F.US.MGC",
  "note": "Market data will be received from Connection Manager via aggregator"
}
[2025-08-19T06:38:02.211Z] [INFO] Subscribed to live market data feed via aggregator
{}
[2025-08-19T06:38:02.211Z] [INFO] TradingBot initialized successfully
{
  "botId": "BOT_1",
  "strategy": "loaded",
  "aggregator": "connected",
  "riskManager": "active"
}
[2025-08-19T06:38:03.942Z] [DEBUG] Market data received
{
  "instrument": "CON.F.US.MGC.Z25",
  "price": 3380.35,
  "bid": 3380.2,
  "ask": 3380.5,
  "volume": 1000,
  "status": "READY"
}
[2025-08-19T06:38:03.943Z] [DEBUG] Market data received
{
  "instrument": "CON.F.US.MGC.Z25",
  "price": 3380.35,
  "bid": 3380.2,
  "ask": 3380.5,
  "volume": 1000,
  "status": "READY"
}
[2025-08-19T06:38:08.987Z] [INFO] TradingBot started
{}
[2025-08-19T06:39:58.838Z] [INFO] Signal generated: LONG TEST_TIME_STRATEGY
{
  "price": 3380.05,
  "stopLoss": 3375.05,
  "takeProfit": 3385.05,
  "positionSize": 1,
  "dollarRisk": 50,
  "confidence": "TEST",
  "DEBUG_direction": "LONG",
  "DEBUG_isClosePosition": false
}
[2025-08-19T06:39:58.844Z] [INFO] Order accepted by aggregator
{
  "orderId": "BOT_1_5bd23d39-6473-4318-ae1d-c5079a07975f",
  "aggregatorOrderId": "BOT_1_5bd23d39-6473-4318-ae1d-c5079a07975f",
  "queueId": "queue_1755585598844"
}
[2025-08-19T06:39:58.844Z] [INFO] Signal submitted to aggregator
{
  "orderId": "BOT_1_5bd23d39-6473-4318-ae1d-c5079a07975f",
  "success": true,
  "aggregatorOrderId": "BOT_1_5bd23d39-6473-4318-ae1d-c5079a07975f"
}
