
================================================================================
TradingBot_BOT_1 Log File
Started: 2025-08-18T14:32:54.323Z
================================================================================

[2025-08-18T14:32:54.323Z] [INFO] TradingBot TradingBot_BOT_1 configuration loaded
{
  "botId": "BOT_1",
  "instrument": "MGC",
  "strategyType": "TEST_TIME_STRATEGY",
  "testMode": false,
  "enabled": true
}
[2025-08-18T14:32:54.324Z] [INFO] Risk manager initialized
{
  "maxDailyLoss": 800,
  "maxDailyProfit": 600,
  "maxOpenPositions": 1,
  "dollarRiskPerTrade": 50
}
[2025-08-18T14:32:54.352Z] [INFO] Strategy TEST_TIME_STRATEGY loaded successfully
{
  "config": {
    "intervalMinutes": 5,
    "tradeDurationMinutes": 3,
    "candleLookbackMinutes": 1,
    "dollarRiskPerTrade": 50,
    "maxRiskPoints": 3,
    "riskRewardRatio": 1,
    "positionSize": 1,
    "dollarPerPoint": 10,
    "enableLogging": true
  }
}
[2025-08-18T14:32:54.576Z] [INFO] Aggregator client connected successfully
{}
[2025-08-18T14:32:54.577Z] [INFO] Initializing live market data connection
{
  "instrument": "MGC",
  "aggregatorEnabled": true
}
[2025-08-18T14:32:54.577Z] [INFO] Live trading mode - subscribing to market data feed
{
  "instrument": "MGC",
  "note": "Market data will be received from Connection Manager via aggregator"
}
[2025-08-18T14:32:54.577Z] [INFO] Subscribed to live market data feed via aggregator
{}
[2025-08-18T14:32:54.577Z] [INFO] TradingBot initialized successfully
{
  "botId": "BOT_1",
  "strategy": "loaded",
  "aggregator": "connected",
  "riskManager": "active"
}
[2025-08-18T14:34:58.317Z] [INFO] Signal generated: SHORT TEST_TIME_STRATEGY
{
  "price": 3383.7,
  "stopLoss": 3388.7,
  "takeProfit": 3378.7,
  "positionSize": 1,
  "dollarRisk": 50,
  "confidence": "TEST",
  "DEBUG_direction": "SHORT",
  "DEBUG_isClosePosition": false
}
[2025-08-18T14:34:58.326Z] [INFO] Order accepted by aggregator
{
  "orderId": "BOT_1_623bef3f-54da-44bf-bf0a-d6006aba7eca",
  "aggregatorOrderId": "BOT_1_623bef3f-54da-44bf-bf0a-d6006aba7eca",
  "queueId": "queue_1755527698326"
}
[2025-08-18T14:34:58.327Z] [INFO] Signal submitted to aggregator
{
  "orderId": "BOT_1_623bef3f-54da-44bf-bf0a-d6006aba7eca",
  "success": true,
  "aggregatorOrderId": "BOT_1_623bef3f-54da-44bf-bf0a-d6006aba7eca"
}
