
================================================================================
TradingBot_BOT_1 Log File
Started: 2025-08-18T11:32:43.504Z
================================================================================

[2025-08-18T11:32:43.505Z] [INFO] TradingBot TradingBot_BOT_1 configuration loaded
{
  "botId": "BOT_1",
  "instrument": "MGC",
  "strategyType": "TEST_TIME_STRATEGY",
  "testMode": false,
  "enabled": true
}
[2025-08-18T11:32:43.505Z] [INFO] Risk manager initialized
{
  "maxDailyLoss": 800,
  "maxDailyProfit": 600,
  "maxOpenPositions": 1,
  "dollarRiskPerTrade": 50
}
[2025-08-18T11:32:43.522Z] [INFO] Strategy TEST_TIME_STRATEGY loaded successfully
{
  "config": {
    "intervalMinutes": 5,
    "tradeDurationMinutes": 3,
    "candleLookbackMinutes": 1,
    "dollarRiskPerTrade": 50,
    "maxRiskPoints": 3,
    "riskRewardRatio": 1,
    "positionSize": 1,
    "dollarPerPoint": 10,
    "enableLogging": true
  }
}
[2025-08-18T11:32:43.550Z] [INFO] Aggregator client connected successfully
{}
[2025-08-18T11:32:43.550Z] [INFO] Initializing live market data connection
{
  "instrument": "MGC",
  "aggregatorEnabled": true
}
[2025-08-18T11:32:43.550Z] [INFO] Live trading mode - using aggregator for orders, starting without market data feed
{
  "instrument": "MGC",
  "note": "Orders will be placed through aggregator when strategy generates signals"
}
[2025-08-18T11:32:43.551Z] [INFO] TradingBot initialized successfully
{
  "botId": "BOT_1",
  "strategy": "loaded",
  "aggregator": "connected",
  "riskManager": "active"
}
[2025-08-18T11:32:59.563Z] [INFO] TradingBot started
{}
