
================================================================================
TradingAggregator Log File
Started: 2025-08-02T13:51:04.635Z
================================================================================

[2025-08-02T13:51:04.636Z] [INFO] Trading Aggregator starting up
{
  "timestamp": "2025-08-02T13:51:04.636Z"
}
[2025-08-02T13:51:04.838Z] [INFO] Using externally provided Connection Manager adapter
{}
[2025-08-02T13:51:04.980Z] [INFO] Connection Manager adapter connected
{
  "url": "http://localhost:7500",
  "webSocketEnabled": false,
  "timestamp": "2025-08-02T13:51:04.980Z"
}
[2025-08-02T13:51:04.981Z] [INFO] Connection Manager adapter initialized
{}
[2025-08-02T13:51:05.006Z] [INFO] Monitoring components initialized
{
  "metricsCollector": "started",
  "monitoringServer": "http://localhost:7701",
  "redisMetricsPublisher": "disabled"
}
[2025-08-02T13:51:05.006Z] [INFO] Trading Aggregator initialized
{
  "riskEnforced": true,
  "components": {
    "riskManager": "initialized",
    "queueManager": "initialized",
    "sltpCalculator": "initialized",
    "botRegistry": "initialized"
  }
}
[2025-08-02T13:51:05.017Z] [INFO] Connection Manager adapter connected
{
  "url": "http://localhost:7500",
  "webSocketEnabled": false,
  "timestamp": "2025-08-02T13:51:05.017Z"
}
