
================================================================================
TradingAggregator Log File
Started: 2025-08-19T08:00:22.261Z
================================================================================

[2025-08-19T08:00:22.262Z] [INFO] Trading Aggregator starting up
{
  "timestamp": "2025-08-19T08:00:22.262Z"
}
[2025-08-19T08:00:22.393Z] [INFO] Using externally provided Connection Manager adapter
{}
[2025-08-19T08:00:22.413Z] [INFO] Connection Manager adapter connected
{
  "url": "http://localhost:7500",
  "webSocketEnabled": false,
  "timestamp": "2025-08-19T08:00:22.413Z"
}
[2025-08-19T08:00:22.414Z] [INFO] Connection Manager adapter initialized
{}
[2025-08-19T08:00:22.438Z] [INFO] Monitoring components initialized
{
  "metricsCollector": "started",
  "monitoringServer": "http://localhost:7701",
  "redisMetricsPublisher": "disabled"
}
[2025-08-19T08:00:22.438Z] [INFO] Trading Aggregator initialized
{
  "riskEnforced": true,
  "components": {
    "riskManager": "initialized",
    "queueManager": "initialized",
    "sltpCalculator": "initialized",
    "botRegistry": "initialized"
  }
}
[2025-08-19T08:00:22.450Z] [INFO] Connection Manager adapter connected
{
  "url": "http://localhost:7500",
  "webSocketEnabled": false,
  "timestamp": "2025-08-19T08:00:22.450Z"
}
