
================================================================================
TradingAggregator Log File
Started: 2025-08-20T21:07:58.246Z
================================================================================

[2025-08-20T21:07:58.246Z] [INFO] Trading Aggregator starting up
{
  "timestamp": "2025-08-20T21:07:58.246Z"
}
[2025-08-20T21:07:58.387Z] [INFO] Using externally provided Connection Manager adapter
{}
[2025-08-20T21:07:58.407Z] [INFO] Connection Manager adapter connected
{
  "url": "http://localhost:7500",
  "webSocketEnabled": false,
  "timestamp": "2025-08-20T21:07:58.407Z"
}
[2025-08-20T21:07:58.407Z] [INFO] Connection Manager adapter initialized
{}
[2025-08-20T21:07:58.436Z] [INFO] Monitoring components initialized
{
  "metricsCollector": "started",
  "monitoringServer": "http://localhost:7701",
  "redisMetricsPublisher": "disabled"
}
[2025-08-20T21:07:58.436Z] [INFO] Trading Aggregator initialized
{
  "riskEnforced": true,
  "components": {
    "riskManager": "initialized",
    "queueManager": "initialized",
    "sltpCalculator": "initialized",
    "botRegistry": "initialized"
  }
}
[2025-08-20T21:07:58.448Z] [INFO] Connection Manager adapter connected
{
  "url": "http://localhost:7500",
  "webSocketEnabled": false,
  "timestamp": "2025-08-20T21:07:58.448Z"
}
