
================================================================================
TradingAggregator Log File
Started: 2025-08-19T07:41:18.620Z
================================================================================

[2025-08-19T07:41:18.620Z] [INFO] Trading Aggregator starting up
{
  "timestamp": "2025-08-19T07:41:18.620Z"
}
[2025-08-19T07:41:18.766Z] [INFO] Using externally provided Connection Manager adapter
{}
[2025-08-19T07:41:18.788Z] [INFO] Connection Manager adapter connected
{
  "url": "http://localhost:7500",
  "webSocketEnabled": false,
  "timestamp": "2025-08-19T07:41:18.788Z"
}
[2025-08-19T07:41:18.788Z] [INFO] Connection Manager adapter initialized
{}
[2025-08-19T07:41:18.815Z] [INFO] Monitoring components initialized
{
  "metricsCollector": "started",
  "monitoringServer": "http://localhost:7701",
  "redisMetricsPublisher": "disabled"
}
[2025-08-19T07:41:18.816Z] [INFO] Trading Aggregator initialized
{
  "riskEnforced": true,
  "components": {
    "riskManager": "initialized",
    "queueManager": "initialized",
    "sltpCalculator": "initialized",
    "botRegistry": "initialized"
  }
}
[2025-08-19T07:41:18.835Z] [INFO] Connection Manager adapter connected
{
  "url": "http://localhost:7500",
  "webSocketEnabled": false,
  "timestamp": "2025-08-19T07:41:18.835Z"
}
