
================================================================================
TradingAggregator Log File
Started: 2025-08-19T13:02:09.903Z
================================================================================

[2025-08-19T13:02:09.904Z] [INFO] Trading Aggregator starting up
{
  "timestamp": "2025-08-19T13:02:09.903Z"
}
[2025-08-19T13:02:10.114Z] [INFO] Using externally provided Connection Manager adapter
{}
[2025-08-19T13:02:10.237Z] [INFO] Connection Manager adapter connected
{
  "url": "http://localhost:7500",
  "webSocketEnabled": false,
  "timestamp": "2025-08-19T13:02:10.237Z"
}
[2025-08-19T13:02:10.237Z] [INFO] Connection Manager adapter initialized
{}
[2025-08-19T13:02:10.327Z] [INFO] Monitoring components initialized
{
  "metricsCollector": "started",
  "monitoringServer": "http://localhost:7701",
  "redisMetricsPublisher": "disabled"
}
[2025-08-19T13:02:10.327Z] [INFO] Trading Aggregator initialized
{
  "riskEnforced": true,
  "components": {
    "riskManager": "initialized",
    "queueManager": "initialized",
    "sltpCalculator": "initialized",
    "botRegistry": "initialized"
  }
}
[2025-08-19T13:02:10.340Z] [INFO] Connection Manager adapter connected
{
  "url": "http://localhost:7500",
  "webSocketEnabled": false,
  "timestamp": "2025-08-19T13:02:10.340Z"
}
[2025-08-19T13:05:00.495Z] [INFO] Starting order submission
{
  "orderId": "BOT_1_6832391b-6585-472d-970b-95c2a2cd8cc4",
  "hasOrder": true,
  "orderKeys": [
    "instanceId",
    "orderId",
    "accountId",
    "instrument",
    "side",
    "quantity",
    "orderType",
    "timestamp",
    "stopLossPoints",
    "takeProfitPoints",
    "source",
    "id",
    "action",
    "type",
    "price",
    "stopPrice"
  ]
}
[2025-08-19T13:05:00.496Z] [INFO] Order normalized successfully
{
  "orderId": "BOT_1_6832391b-6585-472d-970b-95c2a2cd8cc4",
  "hasMetadata": true
}
[2025-08-19T13:05:00.547Z] [INFO] Executing order through Connection Manager
{
  "orderId": "BOT_1_6832391b-6585-472d-970b-95c2a2cd8cc4",
  "instrument": "MGC",
  "action": "BUY",
  "quantity": 1,
  "type": "MARKET"
}
[2025-08-19T13:05:00.548Z] [INFO] Order sent successfully
{
  "orderId": "BOT_1_6832391b-6585-472d-970b-95c2a2cd8cc4",
  "result": {
    "success": true,
    "orderId": "BOT_1_6832391b-6585-472d-970b-95c2a2cd8cc4",
    "connectionManagerOrderId": "BOT_1_6832391b-6585-472d-970b-95c2a2cd8cc4",
    "response": {
      "success": true,
      "orderId": "BOT_1_6832391b-6585-472d-970b-95c2a2cd8cc4"
    }
  }
}
[2025-08-19T13:12:15.642Z] [ERROR] Connection Manager connection error
{
  "error": ""
}
[2025-08-19T13:12:25.809Z] [ERROR] Connection Manager connection error
{
  "error": ""
}
[2025-08-19T13:12:45.919Z] [INFO] Connection Manager adapter connected
{
  "url": "http://localhost:7500",
  "webSocketEnabled": false,
  "timestamp": "2025-08-19T13:12:45.919Z"
}
[2025-08-19T13:15:00.067Z] [INFO] Starting order submission
{
  "orderId": "BOT_1_e08c163c-4c39-4fb2-a68a-fbca3634ea42",
  "hasOrder": true,
  "orderKeys": [
    "instanceId",
    "orderId",
    "accountId",
    "instrument",
    "side",
    "quantity",
    "orderType",
    "timestamp",
    "stopLossPoints",
    "takeProfitPoints",
    "source",
    "id",
    "action",
    "type",
    "price",
    "stopPrice"
  ]
}
[2025-08-19T13:15:00.067Z] [INFO] Order normalized successfully
{
  "orderId": "BOT_1_e08c163c-4c39-4fb2-a68a-fbca3634ea42",
  "hasMetadata": true
}
[2025-08-19T13:15:00.096Z] [INFO] Executing order through Connection Manager
{
  "orderId": "BOT_1_e08c163c-4c39-4fb2-a68a-fbca3634ea42",
  "instrument": "MGC",
  "action": "SELL",
  "quantity": 1,
  "type": "MARKET"
}
[2025-08-19T13:15:00.097Z] [INFO] Order sent successfully
{
  "orderId": "BOT_1_e08c163c-4c39-4fb2-a68a-fbca3634ea42",
  "result": {
    "success": true,
    "orderId": "BOT_1_e08c163c-4c39-4fb2-a68a-fbca3634ea42",
    "connectionManagerOrderId": "BOT_1_e08c163c-4c39-4fb2-a68a-fbca3634ea42",
    "response": {
      "success": true,
      "orderId": "BOT_1_e08c163c-4c39-4fb2-a68a-fbca3634ea42"
    }
  }
}
[2025-08-19T13:20:05.136Z] [INFO] Starting order submission
{
  "orderId": "BOT_1_81f40138-38fb-452c-8ae7-7a18e041c18f",
  "hasOrder": true,
  "orderKeys": [
    "instanceId",
    "orderId",
    "accountId",
    "instrument",
    "side",
    "quantity",
    "orderType",
    "timestamp",
    "stopLossPoints",
    "takeProfitPoints",
    "source",
    "id",
    "action",
    "type",
    "price",
    "stopPrice"
  ]
}
[2025-08-19T13:20:05.136Z] [INFO] Order normalized successfully
{
  "orderId": "BOT_1_81f40138-38fb-452c-8ae7-7a18e041c18f",
  "hasMetadata": true
}
[2025-08-19T13:20:05.238Z] [INFO] Executing order through Connection Manager
{
  "orderId": "BOT_1_81f40138-38fb-452c-8ae7-7a18e041c18f",
  "instrument": "MGC",
  "action": "BUY",
  "quantity": 1,
  "type": "MARKET"
}
[2025-08-19T13:20:05.238Z] [INFO] Order sent successfully
{
  "orderId": "BOT_1_81f40138-38fb-452c-8ae7-7a18e041c18f",
  "result": {
    "success": true,
    "orderId": "BOT_1_81f40138-38fb-452c-8ae7-7a18e041c18f",
    "connectionManagerOrderId": "BOT_1_81f40138-38fb-452c-8ae7-7a18e041c18f",
    "response": {
      "success": true,
      "orderId": "BOT_1_81f40138-38fb-452c-8ae7-7a18e041c18f"
    }
  }
}
