
================================================================================
TradingAggregator Log File
Started: 2025-08-19T17:55:40.657Z
================================================================================

[2025-08-19T17:55:40.657Z] [INFO] Trading Aggregator starting up
{
  "timestamp": "2025-08-19T17:55:40.657Z"
}
[2025-08-19T17:55:40.787Z] [INFO] Using externally provided Connection Manager adapter
{}
[2025-08-19T17:55:40.804Z] [INFO] Connection Manager adapter connected
{
  "url": "http://localhost:7500",
  "webSocketEnabled": false,
  "timestamp": "2025-08-19T17:55:40.804Z"
}
[2025-08-19T17:55:40.804Z] [INFO] Connection Manager adapter initialized
{}
[2025-08-19T17:55:40.824Z] [INFO] Monitoring components initialized
{
  "metricsCollector": "started",
  "monitoringServer": "http://localhost:7701",
  "redisMetricsPublisher": "disabled"
}
[2025-08-19T17:55:40.825Z] [INFO] Trading Aggregator initialized
{
  "riskEnforced": true,
  "components": {
    "riskManager": "initialized",
    "queueManager": "initialized",
    "sltpCalculator": "initialized",
    "botRegistry": "initialized"
  }
}
[2025-08-19T17:55:40.835Z] [INFO] Connection Manager adapter connected
{
  "url": "http://localhost:7500",
  "webSocketEnabled": false,
  "timestamp": "2025-08-19T17:55:40.835Z"
}
