
================================================================================
TradingAggregator Log File
Started: 2025-08-19T10:30:41.607Z
================================================================================

[2025-08-19T10:30:41.607Z] [INFO] Trading Aggregator starting up
{
  "timestamp": "2025-08-19T10:30:41.607Z"
}
[2025-08-19T10:30:41.744Z] [INFO] Using externally provided Connection Manager adapter
{}
[2025-08-19T10:30:41.763Z] [INFO] Connection Manager adapter connected
{
  "url": "http://localhost:7500",
  "webSocketEnabled": false,
  "timestamp": "2025-08-19T10:30:41.763Z"
}
[2025-08-19T10:30:41.763Z] [INFO] Connection Manager adapter initialized
{}
[2025-08-19T10:30:41.786Z] [INFO] Monitoring components initialized
{
  "metricsCollector": "started",
  "monitoringServer": "http://localhost:7701",
  "redisMetricsPublisher": "disabled"
}
[2025-08-19T10:30:41.786Z] [INFO] Trading Aggregator initialized
{
  "riskEnforced": true,
  "components": {
    "riskManager": "initialized",
    "queueManager": "initialized",
    "sltpCalculator": "initialized",
    "botRegistry": "initialized"
  }
}
[2025-08-19T10:30:41.797Z] [INFO] Connection Manager adapter connected
{
  "url": "http://localhost:7500",
  "webSocketEnabled": false,
  "timestamp": "2025-08-19T10:30:41.797Z"
}
