
================================================================================
TradingAggregator Log File
Started: 2025-08-18T18:33:47.280Z
================================================================================

[2025-08-18T18:33:47.281Z] [INFO] Trading Aggregator starting up
{
  "timestamp": "2025-08-18T18:33:47.281Z"
}
[2025-08-18T18:33:47.419Z] [INFO] Using externally provided Connection Manager adapter
{}
[2025-08-18T18:33:47.448Z] [INFO] Connection Manager adapter connected
{
  "url": "http://localhost:7500",
  "webSocketEnabled": false,
  "timestamp": "2025-08-18T18:33:47.448Z"
}
[2025-08-18T18:33:47.449Z] [INFO] Connection Manager adapter initialized
{}
[2025-08-18T18:33:47.484Z] [INFO] Monitoring components initialized
{
  "metricsCollector": "started",
  "monitoringServer": "http://localhost:7701",
  "redisMetricsPublisher": "disabled"
}
[2025-08-18T18:33:47.484Z] [INFO] Trading Aggregator initialized
{
  "riskEnforced": true,
  "components": {
    "riskManager": "initialized",
    "queueManager": "initialized",
    "sltpCalculator": "initialized",
    "botRegistry": "initialized"
  }
}
[2025-08-18T18:33:47.497Z] [INFO] Connection Manager adapter connected
{
  "url": "http://localhost:7500",
  "webSocketEnabled": false,
  "timestamp": "2025-08-18T18:33:47.497Z"
}
