
================================================================================
TradingAggregator Log File
Started: 2025-08-19T11:04:56.437Z
================================================================================

[2025-08-19T11:04:56.437Z] [INFO] Trading Aggregator starting up
{
  "timestamp": "2025-08-19T11:04:56.437Z"
}
[2025-08-19T11:04:56.570Z] [INFO] Using externally provided Connection Manager adapter
{}
[2025-08-19T11:04:56.591Z] [INFO] Connection Manager adapter connected
{
  "url": "http://localhost:7500",
  "webSocketEnabled": false,
  "timestamp": "2025-08-19T11:04:56.591Z"
}
[2025-08-19T11:04:56.591Z] [INFO] Connection Manager adapter initialized
{}
[2025-08-19T11:04:56.615Z] [INFO] Monitoring components initialized
{
  "metricsCollector": "started",
  "monitoringServer": "http://localhost:7701",
  "redisMetricsPublisher": "disabled"
}
[2025-08-19T11:04:56.615Z] [INFO] Trading Aggregator initialized
{
  "riskEnforced": true,
  "components": {
    "riskManager": "initialized",
    "queueManager": "initialized",
    "sltpCalculator": "initialized",
    "botRegistry": "initialized"
  }
}
[2025-08-19T11:04:56.626Z] [INFO] Connection Manager adapter connected
{
  "url": "http://localhost:7500",
  "webSocketEnabled": false,
  "timestamp": "2025-08-19T11:04:56.626Z"
}
[2025-08-19T11:25:00.634Z] [INFO] Starting order submission
{
  "orderId": "BOT_1_8abbba01-ec7a-4c9a-90d4-02408fd3d9de",
  "hasOrder": true,
  "orderKeys": [
    "instanceId",
    "orderId",
    "accountId",
    "instrument",
    "side",
    "quantity",
    "orderType",
    "timestamp",
    "stopLossPoints",
    "takeProfitPoints",
    "source",
    "id",
    "action",
    "type",
    "price",
    "stopPrice"
  ]
}
[2025-08-19T11:25:00.634Z] [INFO] Order normalized successfully
{
  "orderId": "BOT_1_8abbba01-ec7a-4c9a-90d4-02408fd3d9de",
  "hasMetadata": true
}
[2025-08-19T11:25:00.688Z] [INFO] Executing order through Connection Manager
{
  "orderId": "BOT_1_8abbba01-ec7a-4c9a-90d4-02408fd3d9de",
  "instrument": "MGC",
  "action": "BUY",
  "quantity": 1,
  "type": "MARKET"
}
[2025-08-19T11:25:00.690Z] [INFO] Order sent successfully
{
  "orderId": "BOT_1_8abbba01-ec7a-4c9a-90d4-02408fd3d9de",
  "result": {
    "success": true,
    "orderId": "BOT_1_8abbba01-ec7a-4c9a-90d4-02408fd3d9de",
    "connectionManagerOrderId": "BOT_1_8abbba01-ec7a-4c9a-90d4-02408fd3d9de",
    "response": {
      "success": true,
      "orderId": "BOT_1_8abbba01-ec7a-4c9a-90d4-02408fd3d9de"
    }
  }
}
[2025-08-19T11:30:02.114Z] [INFO] Starting order submission
{
  "orderId": "BOT_1_63c2f24d-fea3-4205-b3d9-cab934da3367",
  "hasOrder": true,
  "orderKeys": [
    "instanceId",
    "orderId",
    "accountId",
    "instrument",
    "side",
    "quantity",
    "orderType",
    "timestamp",
    "stopLossPoints",
    "takeProfitPoints",
    "source",
    "id",
    "action",
    "type",
    "price",
    "stopPrice"
  ]
}
[2025-08-19T11:30:02.114Z] [INFO] Order normalized successfully
{
  "orderId": "BOT_1_63c2f24d-fea3-4205-b3d9-cab934da3367",
  "hasMetadata": true
}
[2025-08-19T11:30:02.133Z] [INFO] Executing order through Connection Manager
{
  "orderId": "BOT_1_63c2f24d-fea3-4205-b3d9-cab934da3367",
  "instrument": "MGC",
  "action": "BUY",
  "quantity": 1,
  "type": "MARKET"
}
[2025-08-19T11:30:02.134Z] [INFO] Order sent successfully
{
  "orderId": "BOT_1_63c2f24d-fea3-4205-b3d9-cab934da3367",
  "result": {
    "success": true,
    "orderId": "BOT_1_63c2f24d-fea3-4205-b3d9-cab934da3367",
    "connectionManagerOrderId": "BOT_1_63c2f24d-fea3-4205-b3d9-cab934da3367",
    "response": {
      "success": true,
      "orderId": "BOT_1_63c2f24d-fea3-4205-b3d9-cab934da3367"
    }
  }
}
