
================================================================================
TradingAggregator Log File
Started: 2025-08-19T09:12:37.641Z
================================================================================

[2025-08-19T09:12:37.641Z] [INFO] Trading Aggregator starting up
{
  "timestamp": "2025-08-19T09:12:37.641Z"
}
[2025-08-19T09:12:37.780Z] [INFO] Using externally provided Connection Manager adapter
{}
[2025-08-19T09:12:37.800Z] [INFO] Connection Manager adapter connected
{
  "url": "http://localhost:7500",
  "webSocketEnabled": false,
  "timestamp": "2025-08-19T09:12:37.800Z"
}
[2025-08-19T09:12:37.800Z] [INFO] Connection Manager adapter initialized
{}
[2025-08-19T09:12:37.824Z] [INFO] Monitoring components initialized
{
  "metricsCollector": "started",
  "monitoringServer": "http://localhost:7701",
  "redisMetricsPublisher": "disabled"
}
[2025-08-19T09:12:37.824Z] [INFO] Trading Aggregator initialized
{
  "riskEnforced": true,
  "components": {
    "riskManager": "initialized",
    "queueManager": "initialized",
    "sltpCalculator": "initialized",
    "botRegistry": "initialized"
  }
}
[2025-08-19T09:12:37.838Z] [INFO] Connection Manager adapter connected
{
  "url": "http://localhost:7500",
  "webSocketEnabled": false,
  "timestamp": "2025-08-19T09:12:37.838Z"
}
