
================================================================================
TradingAggregator Log File
Started: 2025-08-19T17:15:31.913Z
================================================================================

[2025-08-19T17:15:31.914Z] [INFO] Trading Aggregator starting up
{
  "timestamp": "2025-08-19T17:15:31.914Z"
}
[2025-08-19T17:15:34.629Z] [INFO] Using externally provided Connection Manager adapter
{}
[2025-08-19T17:15:34.837Z] [INFO] Connection Manager adapter connected
{
  "url": "http://localhost:7500",
  "webSocketEnabled": false,
  "timestamp": "2025-08-19T17:15:34.837Z"
}
[2025-08-19T17:15:34.838Z] [INFO] Connection Manager adapter initialized
{}
[2025-08-19T17:15:35.127Z] [INFO] Monitoring components initialized
{
  "metricsCollector": "started",
  "monitoringServer": "http://localhost:7701",
  "redisMetricsPublisher": "disabled"
}
[2025-08-19T17:15:35.128Z] [INFO] Trading Aggregator initialized
{
  "riskEnforced": true,
  "components": {
    "riskManager": "initialized",
    "queueManager": "initialized",
    "sltpCalculator": "initialized",
    "botRegistry": "initialized"
  }
}
[2025-08-19T17:15:35.266Z] [INFO] Connection Manager adapter connected
{
  "url": "http://localhost:7500",
  "webSocketEnabled": false,
  "timestamp": "2025-08-19T17:15:35.266Z"
}
[2025-08-19T17:20:00.106Z] [INFO] Starting order submission
{
  "orderId": "BOT_1_5995d876-c701-480c-81ef-b04ee906f869",
  "hasOrder": true,
  "orderKeys": [
    "instanceId",
    "orderId",
    "accountId",
    "instrument",
    "side",
    "quantity",
    "orderType",
    "timestamp",
    "stopLossPoints",
    "takeProfitPoints",
    "source",
    "id",
    "action",
    "type",
    "price",
    "stopPrice"
  ]
}
[2025-08-19T17:20:00.107Z] [INFO] Order normalized successfully
{
  "orderId": "BOT_1_5995d876-c701-480c-81ef-b04ee906f869",
  "hasMetadata": true
}
[2025-08-19T17:20:00.320Z] [INFO] Executing order through Connection Manager
{
  "orderId": "BOT_1_5995d876-c701-480c-81ef-b04ee906f869",
  "instrument": "MGC",
  "action": "BUY",
  "quantity": 1,
  "type": "MARKET"
}
[2025-08-19T17:20:00.321Z] [INFO] Order sent successfully
{
  "orderId": "BOT_1_5995d876-c701-480c-81ef-b04ee906f869",
  "result": {
    "success": true,
    "orderId": "BOT_1_5995d876-c701-480c-81ef-b04ee906f869",
    "connectionManagerOrderId": "BOT_1_5995d876-c701-480c-81ef-b04ee906f869",
    "response": {
      "success": true,
      "orderId": "BOT_1_5995d876-c701-480c-81ef-b04ee906f869"
    }
  }
}
