
================================================================================
TradingAggregator Log File
Started: 2025-08-19T17:51:08.210Z
================================================================================

[2025-08-19T17:51:08.211Z] [INFO] Trading Aggregator starting up
{
  "timestamp": "2025-08-19T17:51:08.211Z"
}
[2025-08-19T17:51:08.350Z] [INFO] Using externally provided Connection Manager adapter
{}
[2025-08-19T17:51:08.367Z] [INFO] Connection Manager adapter connected
{
  "url": "http://localhost:7500",
  "webSocketEnabled": false,
  "timestamp": "2025-08-19T17:51:08.367Z"
}
[2025-08-19T17:51:08.367Z] [INFO] Connection Manager adapter initialized
{}
[2025-08-19T17:51:08.385Z] [INFO] Monitoring components initialized
{
  "metricsCollector": "started",
  "monitoringServer": "http://localhost:7701",
  "redisMetricsPublisher": "disabled"
}
[2025-08-19T17:51:08.386Z] [INFO] Trading Aggregator initialized
{
  "riskEnforced": true,
  "components": {
    "riskManager": "initialized",
    "queueManager": "initialized",
    "sltpCalculator": "initialized",
    "botRegistry": "initialized"
  }
}
[2025-08-19T17:51:08.397Z] [INFO] Connection Manager adapter connected
{
  "url": "http://localhost:7500",
  "webSocketEnabled": false,
  "timestamp": "2025-08-19T17:51:08.397Z"
}
